<?xml version="1.0" encoding="UTF-8"?>
<testsuite xmlns:xsi="http://www.w3.org/2001/XMLSchema-instance" xsi:noNamespaceSchemaLocation="https://maven.apache.org/surefire/maven-surefire-plugin/xsd/surefire-test-report-3.0.xsd" version="3.0" name="com.tienda.TiendaApplicationTests" time="7.687" tests="1" errors="0" skipped="0" failures="0">
  <properties>
[...]
</properties>
  <testcase name="contextLoads" classname="com.tienda.TiendaApplicationTests" time="0.841">
    <system-out><![CDATA[10:39:56.234 [main] INFO org.springframework.test.context.support.AnnotationConfigContextLoaderUtils -- Could not detect default configuration classes for test class [com.tienda.TiendaApplicationTests]: TiendaApplicationTests does not declare any static, non-private, non-final, nested classes annotated with @Configuration.
10:39:56.389 [main] INFO org.springframework.boot.test.context.SpringBootTestContextBootstrapper -- Found @SpringBootConfiguration com.tienda.TiendaApplication for test class com.tienda.TiendaApplicationTests
10:39  INFO 38472 --- [           main] com.tienda.TiendaApplicationTests        : Starting TiendaApplicationTests using Java 20.0.2 with PID 38472 (started by Daniel in C:\Users\Daniel\Documents\GitHub\Tienda\Tienda_l)
10:39 DEBUG 38472 --- [           main] com.tienda.TiendaApplicationTests        : Running with Spring Boot v3.1.3, Spring v6.0.11
10:39  INFO 38472 --- [           main] com.tienda.TiendaApplicationTests        : No active profile set, falling back to 1 default profile: "default"
10:39 DEBUG 38472 --- [           main] o.s.boot.SpringApplication               : Loading source class com.tienda.TiendaApplication
10:39 DEBUG 38472 --- [           main] o.s.w.c.s.GenericWebApplicationContext   : Refreshing org.springframework.web.context.support.GenericWebApplicationContext@a23a01d
10:39 DEBUG 38472 --- [           main] o.s.b.f.s.DefaultListableBeanFactory     : Creating shared instance of singleton bean 'org.springframework.context.annotation.internalConfigurationAnnotationProcessor'
10:39 DEBUG 38472 --- [           main] o.s.b.f.s.DefaultListableBeanFactory     : Creating shared instance of singleton bean 'org.springframework.boot.autoconfigure.internalCachingMetadataReaderFactory'
10:39 DEBUG 38472 --- [           main] o.s.c.a.ClassPathBeanDefinitionScanner   : Identified candidate component class: file [C:\Users\Daniel\Documents\GitHub\Tienda\Tienda_l\target\classes\com\tienda\controller\CategoriaController.class]
10:39 DEBUG 38472 --- [           main] o.s.c.a.ClassPathBeanDefinitionScanner   : Identified candidate component class: file [C:\Users\Daniel\Documents\GitHub\Tienda\Tienda_l\target\classes\com\tienda\controller\ProductoController.class]
10:39 DEBUG 38472 --- [           main] o.s.c.a.ClassPathBeanDefinitionScanner   : Identified candidate component class: file [C:\Users\Daniel\Documents\GitHub\Tienda\Tienda_l\target\classes\com\tienda\ProjectConfig.class]
10:39 DEBUG 38472 --- [           main] o.s.c.a.ClassPathBeanDefinitionScanner   : Ignored because not a concrete top-level class: file [C:\Users\Daniel\Documents\GitHub\Tienda\Tienda_l\target\classes\com\tienda\service\FirebaseStorageService.class]
10:39 DEBUG 38472 --- [           main] o.s.c.a.ClassPathBeanDefinitionScanner   : Identified candidate component class: file [C:\Users\Daniel\Documents\GitHub\Tienda\Tienda_l\target\classes\com\tienda\service\impl\CategoriaServiceImpl.class]
10:39 DEBUG 38472 --- [           main] o.s.c.a.ClassPathBeanDefinitionScanner   : Identified candidate component class: file [C:\Users\Daniel\Documents\GitHub\Tienda\Tienda_l\target\classes\com\tienda\service\impl\FirebaseStorageServiceImpl.class]
10:39 DEBUG 38472 --- [           main] o.s.c.a.ClassPathBeanDefinitionScanner   : Identified candidate component class: file [C:\Users\Daniel\Documents\GitHub\Tienda\Tienda_l\target\classes\com\tienda\service\impl\ProductoServiceImpl.class]
10:39  INFO 38472 --- [           main] .s.d.r.c.RepositoryConfigurationDelegate : Bootstrapping Spring Data JPA repositories in DEFAULT mode.
10:39 DEBUG 38472 --- [           main] o.s.b.f.s.DefaultListableBeanFactory     : Creating shared instance of singleton bean 'org.springframework.boot.autoconfigure.AutoConfigurationPackages'
10:39 DEBUG 38472 --- [           main] o.s.b.a.AutoConfigurationPackages        : @EnableAutoConfiguration was declared on a class in the package 'com.tienda'. Automatic @Repository and @Entity scanning is enabled.
10:39 DEBUG 38472 --- [           main] .s.d.r.c.RepositoryConfigurationDelegate : Scanning for JPA repositories in packages com.tienda.
10:39 DEBUG 38472 --- [           main] o.s.d.r.c.RepositoryComponentProvider    : Identified candidate component class: file [C:\Users\Daniel\Documents\GitHub\Tienda\Tienda_l\target\classes\com\tienda\dao\CategoriaDao.class]
10:39 DEBUG 38472 --- [           main] o.s.d.r.c.RepositoryComponentProvider    : Identified candidate component class: file [C:\Users\Daniel\Documents\GitHub\Tienda\Tienda_l\target\classes\com\tienda\dao\ProductoDao.class]
10:39 DEBUG 38472 --- [           main] ssPathScanningCandidateComponentProvider : Identified candidate component class: file [C:\Users\Daniel\Documents\GitHub\Tienda\Tienda_l\target\classes\com\tienda\service\impl\CategoriaServiceImpl.class]
10:39 DEBUG 38472 --- [           main] ssPathScanningCandidateComponentProvider : Identified candidate component class: file [C:\Users\Daniel\Documents\GitHub\Tienda\Tienda_l\target\classes\com\tienda\service\impl\FirebaseStorageServiceImpl.class]
10:39 DEBUG 38472 --- [           main] ssPathScanningCandidateComponentProvider : Identified candidate component class: file [C:\Users\Daniel\Documents\GitHub\Tienda\Tienda_l\target\classes\com\tienda\service\impl\ProductoServiceImpl.class]
10:39  INFO 38472 --- [           main] .s.d.r.c.RepositoryConfigurationDelegate : Finished Spring Data repository scanning in 60 ms. Found 2 JPA repository interfaces.
10:39 DEBUG 38472 --- [           main] o.s.b.f.s.DefaultListableBeanFactory     : Creating shared instance of singleton bean 'propertySourcesPlaceholderConfigurer'
10:39 DEBUG 38472 --- [           main] o.s.b.f.s.DefaultListableBeanFactory     : Creating shared instance of singleton bean 'org.springframework.boot.test.mock.mockito.MockitoPostProcessor'
10:39 DEBUG 38472 --- [           main] o.s.b.f.s.DefaultListableBeanFactory     : Creating shared instance of singleton bean 'emBeanDefinitionRegistrarPostProcessor'
10:39 DEBUG 38472 --- [           main] o.s.b.f.s.DefaultListableBeanFactory     : Creating shared instance of singleton bean 'org.springframework.boot.sql.init.dependency.DatabaseInitializationDependencyConfigurer$DependsOnDatabaseInitializationPostProcessor'
10:39 DEBUG 38472 --- [           main] o.s.b.f.s.DefaultListableBeanFactory     : Creating shared instance of singleton bean 'org.springframework.context.event.internalEventListenerProcessor'
10:39 DEBUG 38472 --- [           main] o.s.b.f.s.DefaultListableBeanFactory     : Creating shared instance of singleton bean 'preserveErrorControllerTargetClassPostProcessor'
10:39 DEBUG 38472 --- [           main] o.s.b.f.s.DefaultListableBeanFactory     : Creating shared instance of singleton bean 'org.springframework.context.event.internalEventListenerFactory'
10:39 DEBUG 38472 --- [           main] o.s.b.f.s.DefaultListableBeanFactory     : Creating shared instance of singleton bean 'org.springframework.transaction.config.internalTransactionalEventListenerFactory'
10:39 DEBUG 38472 --- [           main] o.s.b.f.s.DefaultListableBeanFactory     : Creating shared instance of singleton bean 'org.springframework.boot.test.mock.mockito.MockitoPostProcessor$SpyPostProcessor'
10:39 DEBUG 38472 --- [           main] o.s.b.f.s.DefaultListableBeanFactory     : Creating shared instance of singleton bean 'org.springframework.context.annotation.internalAutowiredAnnotationProcessor'
10:39 DEBUG 38472 --- [           main] o.s.b.f.s.DefaultListableBeanFactory     : Creating shared instance of singleton bean 'org.springframework.context.annotation.internalCommonAnnotationProcessor'
10:39 DEBUG 38472 --- [           main] o.s.b.f.s.DefaultListableBeanFactory     : Creating shared instance of singleton bean 'org.springframework.context.annotation.internalPersistenceAnnotationProcessor'
10:39 DEBUG 38472 --- [           main] o.s.b.f.s.DefaultListableBeanFactory     : Creating shared instance of singleton bean 'org.springframework.boot.context.properties.ConfigurationPropertiesBindingPostProcessor'
10:39 DEBUG 38472 --- [           main] o.s.b.f.s.DefaultListableBeanFactory     : Creating shared instance of singleton bean 'org.springframework.boot.context.internalConfigurationPropertiesBinder'
10:39 DEBUG 38472 --- [           main] o.s.b.f.s.DefaultListableBeanFactory     : Creating shared instance of singleton bean 'jdbcConnectionDetailsHikariBeanPostProcessor'
10:39 DEBUG 38472 --- [           main] o.s.b.f.s.DefaultListableBeanFactory     : Creating shared instance of singleton bean 'org.springframework.aop.config.internalAutoProxyCreator'
10:39 DEBUG 38472 --- [           main] o.s.b.f.s.DefaultListableBeanFactory     : Creating shared instance of singleton bean 'persistenceExceptionTranslationPostProcessor'
10:39 DEBUG 38472 --- [           main] o.s.b.f.s.DefaultListableBeanFactory     : Autowiring by type from bean name 'persistenceExceptionTranslationPostProcessor' via factory method to bean named 'environment'
10:39 DEBUG 38472 --- [           main] o.s.b.f.s.DefaultListableBeanFactory     : Creating shared instance of singleton bean 'webServerFactoryCustomizerBeanPostProcessor'
10:39 DEBUG 38472 --- [           main] o.s.b.f.s.DefaultListableBeanFactory     : Creating shared instance of singleton bean 'errorPageRegistrarBeanPostProcessor'
10:39 DEBUG 38472 --- [           main] o.s.b.f.s.DefaultListableBeanFactory     : Creating shared instance of singleton bean 'projectingArgumentResolverBeanPostProcessor'
10:39 DEBUG 38472 --- [           main] o.s.b.f.s.DefaultListableBeanFactory     : Creating shared instance of singleton bean 'org.springframework.transaction.config.internalTransactionAdvisor'
10:39 DEBUG 38472 --- [           main] o.s.b.f.s.DefaultListableBeanFactory     : Creating shared instance of singleton bean 'org.springframework.transaction.annotation.ProxyTransactionManagementConfiguration'
10:39 DEBUG 38472 --- [           main] o.s.b.f.s.DefaultListableBeanFactory     : Creating shared instance of singleton bean 'transactionAttributeSource'
10:39 DEBUG 38472 --- [           main] o.s.b.f.s.DefaultListableBeanFactory     : Creating shared instance of singleton bean 'transactionInterceptor'
10:39 DEBUG 38472 --- [           main] o.s.b.f.s.DefaultListableBeanFactory     : Autowiring by type from bean name 'transactionInterceptor' via factory method to bean named 'transactionAttributeSource'
10:39 DEBUG 38472 --- [           main] o.s.b.f.s.DefaultListableBeanFactory     : Autowiring by type from bean name 'org.springframework.transaction.config.internalTransactionAdvisor' via factory method to bean named 'transactionAttributeSource'
10:39 DEBUG 38472 --- [           main] o.s.b.f.s.DefaultListableBeanFactory     : Autowiring by type from bean name 'org.springframework.transaction.config.internalTransactionAdvisor' via factory method to bean named 'transactionInterceptor'
10:39 DEBUG 38472 --- [           main] o.s.b.f.s.DefaultListableBeanFactory     : Creating shared instance of singleton bean 'messageSource'
10:39 DEBUG 38472 --- [           main] o.s.b.f.s.DefaultListableBeanFactory     : Creating shared instance of singleton bean 'projectConfig'
10:39 DEBUG 38472 --- [           main] o.s.u.c.s.UiApplicationContextUtils      : Unable to locate ThemeSource with name 'themeSource': using default [org.springframework.ui.context.support.ResourceBundleThemeSource@1a565afb]
10:39 DEBUG 38472 --- [           main] o.s.b.f.s.DefaultListableBeanFactory     : Creating shared instance of singleton bean 'dataSourceScriptDatabaseInitializer'
10:39 DEBUG 38472 --- [           main] o.s.b.f.s.DefaultListableBeanFactory     : Creating shared instance of singleton bean 'org.springframework.boot.autoconfigure.sql.init.DataSourceInitializationConfiguration'
10:39 DEBUG 38472 --- [           main] o.s.b.f.s.DefaultListableBeanFactory     : Creating shared instance of singleton bean 'dataSource'
10:39 DEBUG 38472 --- [           main] o.s.b.f.s.DefaultListableBeanFactory     : Creating shared instance of singleton bean 'org.springframework.boot.autoconfigure.jdbc.DataSourceConfiguration$Hikari'
10:39 DEBUG 38472 --- [           main] o.s.b.f.s.DefaultListableBeanFactory     : Creating shared instance of singleton bean 'spring.datasource-org.springframework.boot.autoconfigure.jdbc.DataSourceProperties'
10:39 DEBUG 38472 --- [           main] o.s.b.f.s.DefaultListableBeanFactory     : Creating shared instance of singleton bean 'org.springframework.boot.context.properties.BoundConfigurationProperties'
10:39 DEBUG 38472 --- [           main] o.s.b.f.s.DefaultListableBeanFactory     : Creating shared instance of singleton bean 'jdbcConnectionDetails'
10:39 DEBUG 38472 --- [           main] o.s.b.f.s.DefaultListableBeanFactory     : Creating shared instance of singleton bean 'org.springframework.boot.autoconfigure.jdbc.DataSourceAutoConfiguration$PooledDataSourceConfiguration'
10:39 DEBUG 38472 --- [           main] o.s.b.f.s.DefaultListableBeanFactory     : Autowiring by type from bean name 'jdbcConnectionDetails' via factory method to bean named 'spring.datasource-org.springframework.boot.autoconfigure.jdbc.DataSourceProperties'
10:39 DEBUG 38472 --- [           main] o.s.b.f.s.DefaultListableBeanFactory     : Autowiring by type from bean name 'dataSource' via factory method to bean named 'spring.datasource-org.springframework.boot.autoconfigure.jdbc.DataSourceProperties'
10:39 DEBUG 38472 --- [           main] o.s.b.f.s.DefaultListableBeanFactory     : Autowiring by type from bean name 'dataSource' via factory method to bean named 'jdbcConnectionDetails'
10:39 DEBUG 38472 --- [           main] com.zaxxer.hikari.HikariConfig           : Driver class com.mysql.cj.jdbc.Driver found in Thread context class loader jdk.internal.loader.ClassLoaders$AppClassLoader@70dea4e
10:39 DEBUG 38472 --- [           main] o.s.b.f.s.DefaultListableBeanFactory     : Creating shared instance of singleton bean 'spring.sql.init-org.springframework.boot.autoconfigure.sql.init.SqlInitializationProperties'
10:39 DEBUG 38472 --- [           main] o.s.b.f.s.DefaultListableBeanFactory     : Autowiring by type from bean name 'dataSourceScriptDatabaseInitializer' via factory method to bean named 'dataSource'
10:39 DEBUG 38472 --- [           main] o.s.b.f.s.DefaultListableBeanFactory     : Autowiring by type from bean name 'dataSourceScriptDatabaseInitializer' via factory method to bean named 'spring.sql.init-org.springframework.boot.autoconfigure.sql.init.SqlInitializationProperties'
10:39 DEBUG 38472 --- [           main] o.s.b.f.s.DefaultListableBeanFactory     : Creating shared instance of singleton bean 'entityManagerFactory'
10:39 DEBUG 38472 --- [           main] o.s.b.f.s.DefaultListableBeanFactory     : Creating shared instance of singleton bean 'org.springframework.boot.autoconfigure.orm.jpa.HibernateJpaConfiguration'
10:39 DEBUG 38472 --- [           main] o.s.b.f.s.DefaultListableBeanFactory     : Creating shared instance of singleton bean 'spring.jpa-org.springframework.boot.autoconfigure.orm.jpa.JpaProperties'
10:39 DEBUG 38472 --- [           main] o.s.b.f.s.DefaultListableBeanFactory     : Creating shared instance of singleton bean 'spring.jpa.hibernate-org.springframework.boot.autoconfigure.orm.jpa.HibernateProperties'
10:39 DEBUG 38472 --- [           main] o.s.b.f.s.DefaultListableBeanFactory     : Autowiring by type from bean name 'org.springframework.boot.autoconfigure.orm.jpa.HibernateJpaConfiguration' via constructor to bean named 'dataSource'
10:39 DEBUG 38472 --- [           main] o.s.b.f.s.DefaultListableBeanFactory     : Autowiring by type from bean name 'org.springframework.boot.autoconfigure.orm.jpa.HibernateJpaConfiguration' via constructor to bean named 'spring.jpa-org.springframework.boot.autoconfigure.orm.jpa.JpaProperties'
10:39 DEBUG 38472 --- [           main] o.s.b.f.s.DefaultListableBeanFactory     : Autowiring by type from bean name 'org.springframework.boot.autoconfigure.orm.jpa.HibernateJpaConfiguration' via constructor to bean named 'org.springframework.beans.factory.support.DefaultListableBeanFactory@6dba847b'
10:39 DEBUG 38472 --- [           main] o.s.b.f.s.DefaultListableBeanFactory     : Autowiring by type from bean name 'org.springframework.boot.autoconfigure.orm.jpa.HibernateJpaConfiguration' via constructor to bean named 'spring.jpa.hibernate-org.springframework.boot.autoconfigure.orm.jpa.HibernateProperties'
10:39 DEBUG 38472 --- [           main] o.s.b.f.s.DefaultListableBeanFactory     : Creating shared instance of singleton bean 'hikariPoolDataSourceMetadataProvider'
10:39 DEBUG 38472 --- [           main] o.s.b.f.s.DefaultListableBeanFactory     : Creating shared instance of singleton bean 'org.springframework.boot.autoconfigure.jdbc.metadata.DataSourcePoolMetadataProvidersConfiguration$HikariPoolDataSourceMetadataProviderConfiguration'
10:39 DEBUG 38472 --- [           main] o.s.b.f.s.DefaultListableBeanFactory     : Creating shared instance of singleton bean 'entityManagerFactoryBuilder'
10:39 DEBUG 38472 --- [           main] o.s.b.f.s.DefaultListableBeanFactory     : Creating shared instance of singleton bean 'jpaVendorAdapter'
10:39 DEBUG 38472 --- [           main] org.jboss.logging                        : Logging Provider: org.jboss.logging.Slf4jLoggerProvider found via system property
10:39 DEBUG 38472 --- [           main] o.s.b.f.s.DefaultListableBeanFactory     : Autowiring by type from bean name 'entityManagerFactoryBuilder' via factory method to bean named 'jpaVendorAdapter'
10:39 DEBUG 38472 --- [           main] o.s.b.f.s.DefaultListableBeanFactory     : Creating shared instance of singleton bean 'persistenceManagedTypes'
10:39 DEBUG 38472 --- [           main] o.s.b.f.s.DefaultListableBeanFactory     : Autowiring by type from bean name 'persistenceManagedTypes' via factory method to bean named 'org.springframework.beans.factory.support.DefaultListableBeanFactory@6dba847b'
10:39 DEBUG 38472 --- [           main] o.s.b.f.s.DefaultListableBeanFactory     : Autowiring by type from bean name 'persistenceManagedTypes' via factory method to bean named 'org.springframework.web.context.support.GenericWebApplicationContext@a23a01d'
10:39 DEBUG 38472 --- [           main] o.s.b.f.s.DefaultListableBeanFactory     : Autowiring by type from bean name 'entityManagerFactory' via factory method to bean named 'entityManagerFactoryBuilder'
10:39 DEBUG 38472 --- [           main] o.s.b.f.s.DefaultListableBeanFactory     : Autowiring by type from bean name 'entityManagerFactory' via factory method to bean named 'persistenceManagedTypes'
10:39 DEBUG 38472 --- [           main] o.s.jdbc.datasource.DataSourceUtils      : Fetching JDBC Connection from DataSource
10:39 DEBUG 38472 --- [           main] com.zaxxer.hikari.HikariConfig           : HikariPool-1 - configuration:
10:39 DEBUG 38472 --- [           main] com.zaxxer.hikari.HikariConfig           : allowPoolSuspension.............false
10:39 DEBUG 38472 --- [           main] com.zaxxer.hikari.HikariConfig           : autoCommit......................true
10:39 DEBUG 38472 --- [           main] com.zaxxer.hikari.HikariConfig           : catalog.........................none
10:39 DEBUG 38472 --- [           main] com.zaxxer.hikari.HikariConfig           : connectionInitSql...............none
10:39 DEBUG 38472 --- [           main] com.zaxxer.hikari.HikariConfig           : connectionTestQuery.............none
10:39 DEBUG 38472 --- [           main] com.zaxxer.hikari.HikariConfig           : connectionTimeout...............30000
10:39 DEBUG 38472 --- [           main] com.zaxxer.hikari.HikariConfig           : dataSource......................none
10:39 DEBUG 38472 --- [           main] com.zaxxer.hikari.HikariConfig           : dataSourceClassName.............none
10:39 DEBUG 38472 --- [           main] com.zaxxer.hikari.HikariConfig           : dataSourceJNDI..................none
10:39 DEBUG 38472 --- [           main] com.zaxxer.hikari.HikariConfig           : dataSourceProperties............{password=<masked>}
10:39 DEBUG 38472 --- [           main] com.zaxxer.hikari.HikariConfig           : driverClassName................."com.mysql.cj.jdbc.Driver"
10:39 DEBUG 38472 --- [           main] com.zaxxer.hikari.HikariConfig           : exceptionOverrideClassName......none
10:39 DEBUG 38472 --- [           main] com.zaxxer.hikari.HikariConfig           : healthCheckProperties...........{}
10:39 DEBUG 38472 --- [           main] com.zaxxer.hikari.HikariConfig           : healthCheckRegistry.............none
10:39 DEBUG 38472 --- [           main] com.zaxxer.hikari.HikariConfig           : idleTimeout.....................600000
10:39 DEBUG 38472 --- [           main] com.zaxxer.hikari.HikariConfig           : initializationFailTimeout.......1
10:39 DEBUG 38472 --- [           main] com.zaxxer.hikari.HikariConfig           : isolateInternalQueries..........false
10:39 DEBUG 38472 --- [           main] com.zaxxer.hikari.HikariConfig           : jdbcUrl.........................jdbc:mysql://localhost:3306/techshop?useTimezone=true&serverTimezone=UTC
10:39 DEBUG 38472 --- [           main] com.zaxxer.hikari.HikariConfig           : keepaliveTime...................0
10:39 DEBUG 38472 --- [           main] com.zaxxer.hikari.HikariConfig           : leakDetectionThreshold..........0
10:39 DEBUG 38472 --- [           main] com.zaxxer.hikari.HikariConfig           : maxLifetime.....................1800000
10:39 DEBUG 38472 --- [           main] com.zaxxer.hikari.HikariConfig           : maximumPoolSize.................10
10:39 DEBUG 38472 --- [           main] com.zaxxer.hikari.HikariConfig           : metricRegistry..................none
10:39 DEBUG 38472 --- [           main] com.zaxxer.hikari.HikariConfig           : metricsTrackerFactory...........none
10:39 DEBUG 38472 --- [           main] com.zaxxer.hikari.HikariConfig           : minimumIdle.....................10
10:39 DEBUG 38472 --- [           main] com.zaxxer.hikari.HikariConfig           : password........................<masked>
10:39 DEBUG 38472 --- [           main] com.zaxxer.hikari.HikariConfig           : poolName........................"HikariPool-1"
10:39 DEBUG 38472 --- [           main] com.zaxxer.hikari.HikariConfig           : readOnly........................false
10:39 DEBUG 38472 --- [           main] com.zaxxer.hikari.HikariConfig           : registerMbeans..................false
10:39 DEBUG 38472 --- [           main] com.zaxxer.hikari.HikariConfig           : scheduledExecutor...............none
10:39 DEBUG 38472 --- [           main] com.zaxxer.hikari.HikariConfig           : schema..........................none
10:39 DEBUG 38472 --- [           main] com.zaxxer.hikari.HikariConfig           : threadFactory...................internal
10:39 DEBUG 38472 --- [           main] com.zaxxer.hikari.HikariConfig           : transactionIsolation............default
10:39 DEBUG 38472 --- [           main] com.zaxxer.hikari.HikariConfig           : username........................"usuario_prueba"
10:39 DEBUG 38472 --- [           main] com.zaxxer.hikari.HikariConfig           : validationTimeout...............5000
10:39  INFO 38472 --- [           main] com.zaxxer.hikari.HikariDataSource       : HikariPool-1 - Starting...
10:39 DEBUG 38472 --- [           main] jdk.event.security                       : X509Certificate: Alg:SHA256withRSA, Serial:2, Subject:CN=MySQL_Server_8.1.0_Auto_Generated_Server_Certificate, Issuer:CN=MySQL_Server_8.1.0_Auto_Generated_CA_Certificate, Key type:RSA, Length:2048, Cert Id:2238858924, Valid from:9/10/23, 19:19, Valid until:6/10/33, 19:19
10:39 DEBUG 38472 --- [           main] jdk.event.security                       : X509Certificate: Alg:SHA256withRSA, Serial:1, Subject:CN=MySQL_Server_8.1.0_Auto_Generated_CA_Certificate, Issuer:CN=MySQL_Server_8.1.0_Auto_Generated_CA_Certificate, Key type:RSA, Length:2048, Cert Id:434627574, Valid from:9/10/23, 19:19, Valid until:6/10/33, 19:19
10:39 DEBUG 38472 --- [           main] jdk.event.security                       :  TLSHandshake: localhost:3306, TLSv1.3, TLS_AES_256_GCM_SHA384, 2238858924
10:39  INFO 38472 --- [           main] com.zaxxer.hikari.pool.HikariPool        : HikariPool-1 - Added connection com.mysql.cj.jdbc.ConnectionImpl@525647f3
10:39  INFO 38472 --- [           main] com.zaxxer.hikari.HikariDataSource       : HikariPool-1 - Start completed.
10:39 DEBUG 38472 --- [           main] j.LocalContainerEntityManagerFactoryBean : Building JPA container EntityManagerFactory for persistence unit 'default'
10:39 DEBUG 38472 --- [           main] o.hibernate.jpa.internal.util.LogHelper  : PersistenceUnitInfo [
	name: default
	persistence provider classname: null
	classloader: jdk.internal.loader.ClassLoaders$AppClassLoader@70dea4e
	excludeUnlistedClasses: true
	JTA datasource: null
	Non JTA datasource: HikariDataSource (HikariPool-1)
	Transaction type: RESOURCE_LOCAL
	PU root URL: file:/C:/Users/Daniel/Documents/GitHub/Tienda/Tienda_l/target/test-classes/
	Shared Cache Mode: UNSPECIFIED
	Validation Mode: AUTO
	Jar files URLs []
	Managed classes names [
		com.tienda.domain.Categoria
		com.tienda.domain.Producto]
	Mapping files names []
	Properties []
10:39 DEBUG 38472 --- [           main] o.h.i.internal.IntegratorServiceImpl     : Adding Integrator [org.hibernate.boot.beanvalidation.BeanValidationIntegrator].
10:39 DEBUG 38472 --- [           main] o.h.i.internal.IntegratorServiceImpl     : Adding Integrator [org.hibernate.cache.internal.CollectionCacheInvalidator].
10:39 DEBUG 38472 --- [l-1 housekeeper] com.zaxxer.hikari.pool.HikariPool        : HikariPool-1 - Pool stats (total=1, active=0, idle=1, waiting=0)
10:39 DEBUG 38472 --- [onnection adder] jdk.event.security                       : X509Certificate: Alg:SHA256withRSA, Serial:2, Subject:CN=MySQL_Server_8.1.0_Auto_Generated_Server_Certificate, Issuer:CN=MySQL_Server_8.1.0_Auto_Generated_CA_Certificate, Key type:RSA, Length:2048, Cert Id:2238858924, Valid from:9/10/23, 19:19, Valid until:6/10/33, 19:19
10:39 DEBUG 38472 --- [onnection adder] jdk.event.security                       : X509Certificate: Alg:SHA256withRSA, Serial:1, Subject:CN=MySQL_Server_8.1.0_Auto_Generated_CA_Certificate, Issuer:CN=MySQL_Server_8.1.0_Auto_Generated_CA_Certificate, Key type:RSA, Length:2048, Cert Id:434627574, Valid from:9/10/23, 19:19, Valid until:6/10/33, 19:19
10:39 DEBUG 38472 --- [onnection adder] jdk.event.security                       :  TLSHandshake: localhost:3306, TLSv1.3, TLS_AES_256_GCM_SHA384, 2238858924
10:39 DEBUG 38472 --- [onnection adder] com.zaxxer.hikari.pool.HikariPool        : HikariPool-1 - Added connection com.mysql.cj.jdbc.ConnectionImpl@45f31e48
10:39  INFO 38472 --- [           main] org.hibernate.Version                    : HHH000412: Hibernate ORM core version 6.2.7.Final
10:39 DEBUG 38472 --- [           main] org.hibernate.cfg.Environment            : HHH000206: hibernate.properties not found
10:39  INFO 38472 --- [           main] org.hibernate.cfg.Environment            : HHH000406: Using bytecode reflection optimizer
10:39 DEBUG 38472 --- [onnection adder] jdk.event.security                       : X509Certificate: Alg:SHA256withRSA, Serial:2, Subject:CN=MySQL_Server_8.1.0_Auto_Generated_Server_Certificate, Issuer:CN=MySQL_Server_8.1.0_Auto_Generated_CA_Certificate, Key type:RSA, Length:2048, Cert Id:2238858924, Valid from:9/10/23, 19:19, Valid until:6/10/33, 19:19
10:39 DEBUG 38472 --- [onnection adder] jdk.event.security                       : X509Certificate: Alg:SHA256withRSA, Serial:1, Subject:CN=MySQL_Server_8.1.0_Auto_Generated_CA_Certificate, Issuer:CN=MySQL_Server_8.1.0_Auto_Generated_CA_Certificate, Key type:RSA, Length:2048, Cert Id:434627574, Valid from:9/10/23, 19:19, Valid until:6/10/33, 19:19
10:39 DEBUG 38472 --- [onnection adder] jdk.event.security                       :  TLSHandshake: localhost:3306, TLSv1.3, TLS_AES_256_GCM_SHA384, 2238858924
10:39 DEBUG 38472 --- [onnection adder] com.zaxxer.hikari.pool.HikariPool        : HikariPool-1 - Added connection com.mysql.cj.jdbc.ConnectionImpl@685ce3bd
10:39 DEBUG 38472 --- [           main] org.hibernate.orm.idgen.factory          : Registering IdentifierGenerator strategy [uuid2] -> [org.hibernate.id.UUIDGenerator]
10:39 DEBUG 38472 --- [           main] org.hibernate.orm.idgen.factory          : Registering IdentifierGenerator strategy [guid] -> [org.hibernate.id.GUIDGenerator]
10:39 DEBUG 38472 --- [           main] org.hibernate.orm.idgen.factory          : Registering IdentifierGenerator strategy [uuid] -> [org.hibernate.id.UUIDHexGenerator]
10:39 DEBUG 38472 --- [           main] org.hibernate.orm.idgen.factory          : Registering IdentifierGenerator strategy [uuid.hex] -> [org.hibernate.id.UUIDHexGenerator]
10:39 DEBUG 38472 --- [           main] org.hibernate.orm.idgen.factory          : Registering IdentifierGenerator strategy [assigned] -> [org.hibernate.id.Assigned]
10:39 DEBUG 38472 --- [           main] org.hibernate.orm.idgen.factory          : Registering IdentifierGenerator strategy [identity] -> [org.hibernate.id.IdentityGenerator]
10:39 DEBUG 38472 --- [           main] org.hibernate.orm.idgen.factory          : Registering IdentifierGenerator strategy [select] -> [org.hibernate.id.SelectGenerator]
10:39 DEBUG 38472 --- [onnection adder] jdk.event.security                       : X509Certificate: Alg:SHA256withRSA, Serial:2, Subject:CN=MySQL_Server_8.1.0_Auto_Generated_Server_Certificate, Issuer:CN=MySQL_Server_8.1.0_Auto_Generated_CA_Certificate, Key type:RSA, Length:2048, Cert Id:2238858924, Valid from:9/10/23, 19:19, Valid until:6/10/33, 19:19
10:39 DEBUG 38472 --- [onnection adder] jdk.event.security                       : X509Certificate: Alg:SHA256withRSA, Serial:1, Subject:CN=MySQL_Server_8.1.0_Auto_Generated_CA_Certificate, Issuer:CN=MySQL_Server_8.1.0_Auto_Generated_CA_Certificate, Key type:RSA, Length:2048, Cert Id:434627574, Valid from:9/10/23, 19:19, Valid until:6/10/33, 19:19
10:39 DEBUG 38472 --- [           main] org.hibernate.orm.idgen.factory          : Registering IdentifierGenerator strategy [sequence] -> [org.hibernate.id.enhanced.SequenceStyleGenerator]
10:39 DEBUG 38472 --- [           main] org.hibernate.orm.idgen.factory          : Registering IdentifierGenerator strategy [increment] -> [org.hibernate.id.IncrementGenerator]
10:39 DEBUG 38472 --- [onnection adder] jdk.event.security                       :  TLSHandshake: localhost:3306, TLSv1.3, TLS_AES_256_GCM_SHA384, 2238858924
10:39 DEBUG 38472 --- [           main] org.hibernate.orm.idgen.factory          : Registering IdentifierGenerator strategy [foreign] -> [org.hibernate.id.ForeignGenerator]
10:39 DEBUG 38472 --- [           main] org.hibernate.orm.idgen.factory          : Registering IdentifierGenerator strategy [enhanced-sequence] -> [org.hibernate.id.enhanced.SequenceStyleGenerator]
10:39 DEBUG 38472 --- [           main] org.hibernate.orm.idgen.factory          : Registering IdentifierGenerator strategy [enhanced-table] -> [org.hibernate.id.enhanced.TableGenerator]
10:39 DEBUG 38472 --- [onnection adder] com.zaxxer.hikari.pool.HikariPool        : HikariPool-1 - Added connection com.mysql.cj.jdbc.ConnectionImpl@10f818dc
10:39 DEBUG 38472 --- [           main] o.h.c.internal.RegionFactoryInitiator    : Cannot default RegionFactory based on registered strategies as `[]` RegionFactory strategies were registered
10:39 DEBUG 38472 --- [           main] o.h.c.internal.RegionFactoryInitiator    : Cache region factory : org.hibernate.cache.internal.NoCachingRegionFactory
10:39 DEBUG 38472 --- [onnection adder] jdk.event.security                       : X509Certificate: Alg:SHA256withRSA, Serial:2, Subject:CN=MySQL_Server_8.1.0_Auto_Generated_Server_Certificate, Issuer:CN=MySQL_Server_8.1.0_Auto_Generated_CA_Certificate, Key type:RSA, Length:2048, Cert Id:2238858924, Valid from:9/10/23, 19:19, Valid until:6/10/33, 19:19
10:39 DEBUG 38472 --- [onnection adder] jdk.event.security                       : X509Certificate: Alg:SHA256withRSA, Serial:1, Subject:CN=MySQL_Server_8.1.0_Auto_Generated_CA_Certificate, Issuer:CN=MySQL_Server_8.1.0_Auto_Generated_CA_Certificate, Key type:RSA, Length:2048, Cert Id:434627574, Valid from:9/10/23, 19:19, Valid until:6/10/33, 19:19
10:39 DEBUG 38472 --- [onnection adder] jdk.event.security                       :  TLSHandshake: localhost:3306, TLSv1.3, TLS_AES_256_GCM_SHA384, 2238858924
10:39 DEBUG 38472 --- [onnection adder] com.zaxxer.hikari.pool.HikariPool        : HikariPool-1 - Added connection com.mysql.cj.jdbc.ConnectionImpl@6b2fbd16
10:39 DEBUG 38472 --- [onnection adder] jdk.event.security                       : X509Certificate: Alg:SHA256withRSA, Serial:2, Subject:CN=MySQL_Server_8.1.0_Auto_Generated_Server_Certificate, Issuer:CN=MySQL_Server_8.1.0_Auto_Generated_CA_Certificate, Key type:RSA, Length:2048, Cert Id:2238858924, Valid from:9/10/23, 19:19, Valid until:6/10/33, 19:19
10:39 DEBUG 38472 --- [onnection adder] jdk.event.security                       : X509Certificate: Alg:SHA256withRSA, Serial:1, Subject:CN=MySQL_Server_8.1.0_Auto_Generated_CA_Certificate, Issuer:CN=MySQL_Server_8.1.0_Auto_Generated_CA_Certificate, Key type:RSA, Length:2048, Cert Id:434627574, Valid from:9/10/23, 19:19, Valid until:6/10/33, 19:19
10:39 DEBUG 38472 --- [onnection adder] jdk.event.security                       :  TLSHandshake: localhost:3306, TLSv1.3, TLS_AES_256_GCM_SHA384, 2238858924
10:39 DEBUG 38472 --- [onnection adder] com.zaxxer.hikari.pool.HikariPool        : HikariPool-1 - Added connection com.mysql.cj.jdbc.ConnectionImpl@767eb572
10:39 DEBUG 38472 --- [onnection adder] jdk.event.security                       : X509Certificate: Alg:SHA256withRSA, Serial:2, Subject:CN=MySQL_Server_8.1.0_Auto_Generated_Server_Certificate, Issuer:CN=MySQL_Server_8.1.0_Auto_Generated_CA_Certificate, Key type:RSA, Length:2048, Cert Id:2238858924, Valid from:9/10/23, 19:19, Valid until:6/10/33, 19:19
10:39 DEBUG 38472 --- [onnection adder] jdk.event.security                       : X509Certificate: Alg:SHA256withRSA, Serial:1, Subject:CN=MySQL_Server_8.1.0_Auto_Generated_CA_Certificate, Issuer:CN=MySQL_Server_8.1.0_Auto_Generated_CA_Certificate, Key type:RSA, Length:2048, Cert Id:434627574, Valid from:9/10/23, 19:19, Valid until:6/10/33, 19:19
10:39 DEBUG 38472 --- [onnection adder] jdk.event.security                       :  TLSHandshake: localhost:3306, TLSv1.3, TLS_AES_256_GCM_SHA384, 2238858924
10:39 DEBUG 38472 --- [onnection adder] com.zaxxer.hikari.pool.HikariPool        : HikariPool-1 - Added connection com.mysql.cj.jdbc.ConnectionImpl@50dc553e
10:39 DEBUG 38472 --- [onnection adder] jdk.event.security                       : X509Certificate: Alg:SHA256withRSA, Serial:2, Subject:CN=MySQL_Server_8.1.0_Auto_Generated_Server_Certificate, Issuer:CN=MySQL_Server_8.1.0_Auto_Generated_CA_Certificate, Key type:RSA, Length:2048, Cert Id:2238858924, Valid from:9/10/23, 19:19, Valid until:6/10/33, 19:19
10:39 DEBUG 38472 --- [onnection adder] jdk.event.security                       : X509Certificate: Alg:SHA256withRSA, Serial:1, Subject:CN=MySQL_Server_8.1.0_Auto_Generated_CA_Certificate, Issuer:CN=MySQL_Server_8.1.0_Auto_Generated_CA_Certificate, Key type:RSA, Length:2048, Cert Id:434627574, Valid from:9/10/23, 19:19, Valid until:6/10/33, 19:19
10:39 DEBUG 38472 --- [onnection adder] jdk.event.security                       :  TLSHandshake: localhost:3306, TLSv1.3, TLS_AES_256_GCM_SHA384, 2238858924
10:39 DEBUG 38472 --- [onnection adder] com.zaxxer.hikari.pool.HikariPool        : HikariPool-1 - Added connection com.mysql.cj.jdbc.ConnectionImpl@48a501e3
10:39 DEBUG 38472 --- [onnection adder] jdk.event.security                       : X509Certificate: Alg:SHA256withRSA, Serial:2, Subject:CN=MySQL_Server_8.1.0_Auto_Generated_Server_Certificate, Issuer:CN=MySQL_Server_8.1.0_Auto_Generated_CA_Certificate, Key type:RSA, Length:2048, Cert Id:2238858924, Valid from:9/10/23, 19:19, Valid until:6/10/33, 19:19
10:39 DEBUG 38472 --- [onnection adder] jdk.event.security                       : X509Certificate: Alg:SHA256withRSA, Serial:1, Subject:CN=MySQL_Server_8.1.0_Auto_Generated_CA_Certificate, Issuer:CN=MySQL_Server_8.1.0_Auto_Generated_CA_Certificate, Key type:RSA, Length:2048, Cert Id:434627574, Valid from:9/10/23, 19:19, Valid until:6/10/33, 19:19
10:39 DEBUG 38472 --- [onnection adder] jdk.event.security                       :  TLSHandshake: localhost:3306, TLSv1.3, TLS_AES_256_GCM_SHA384, 2238858924
10:39 DEBUG 38472 --- [onnection adder] com.zaxxer.hikari.pool.HikariPool        : HikariPool-1 - Added connection com.mysql.cj.jdbc.ConnectionImpl@650fee18
10:39 DEBUG 38472 --- [           main] org.hibernate.type.BasicTypeRegistry     : Adding type registration boolean -> org.hibernate.type.BasicTypeReference@660b1a9d
10:39 DEBUG 38472 --- [           main] org.hibernate.type.BasicTypeRegistry     : Adding type registration boolean -> org.hibernate.type.BasicTypeReference@660b1a9d
10:39 DEBUG 38472 --- [           main] org.hibernate.type.BasicTypeRegistry     : Adding type registration java.lang.Boolean -> org.hibernate.type.BasicTypeReference@660b1a9d
10:39 DEBUG 38472 --- [           main] org.hibernate.type.BasicTypeRegistry     : Adding type registration numeric_boolean -> org.hibernate.type.BasicTypeReference@6fb0261e
10:39 DEBUG 38472 --- [           main] org.hibernate.type.BasicTypeRegistry     : Adding type registration org.hibernate.type.NumericBooleanConverter -> org.hibernate.type.BasicTypeReference@6fb0261e
10:39 DEBUG 38472 --- [           main] org.hibernate.type.BasicTypeRegistry     : Adding type registration true_false -> org.hibernate.type.BasicTypeReference@d6b532f
10:39 DEBUG 38472 --- [           main] org.hibernate.type.BasicTypeRegistry     : Adding type registration org.hibernate.type.TrueFalseConverter -> org.hibernate.type.BasicTypeReference@d6b532f
10:39 DEBUG 38472 --- [           main] org.hibernate.type.BasicTypeRegistry     : Adding type registration yes_no -> org.hibernate.type.BasicTypeReference@2f4d01b6
10:39 DEBUG 38472 --- [           main] org.hibernate.type.BasicTypeRegistry     : Adding type registration org.hibernate.type.YesNoConverter -> org.hibernate.type.BasicTypeReference@2f4d01b6
10:39 DEBUG 38472 --- [           main] org.hibernate.type.BasicTypeRegistry     : Adding type registration byte -> org.hibernate.type.BasicTypeReference@112c2930
10:39 DEBUG 38472 --- [           main] org.hibernate.type.BasicTypeRegistry     : Adding type registration byte -> org.hibernate.type.BasicTypeReference@112c2930
10:39 DEBUG 38472 --- [           main] org.hibernate.type.BasicTypeRegistry     : Adding type registration java.lang.Byte -> org.hibernate.type.BasicTypeReference@112c2930
10:39 DEBUG 38472 --- [           main] org.hibernate.type.BasicTypeRegistry     : Adding type registration binary -> org.hibernate.type.BasicTypeReference@7f426ddd
10:39 DEBUG 38472 --- [           main] org.hibernate.type.BasicTypeRegistry     : Adding type registration byte[] -> org.hibernate.type.BasicTypeReference@7f426ddd
10:39 DEBUG 38472 --- [           main] org.hibernate.type.BasicTypeRegistry     : Adding type registration [B -> org.hibernate.type.BasicTypeReference@7f426ddd
10:39 DEBUG 38472 --- [           main] org.hibernate.type.BasicTypeRegistry     : Adding type registration binary_wrapper -> org.hibernate.type.BasicTypeReference@28e7bb31
10:39 DEBUG 38472 --- [           main] org.hibernate.type.BasicTypeRegistry     : Adding type registration wrapper-binary -> org.hibernate.type.BasicTypeReference@28e7bb31
10:39 DEBUG 38472 --- [           main] org.hibernate.type.BasicTypeRegistry     : Adding type registration image -> org.hibernate.type.BasicTypeReference@6fe04f2a
10:39 DEBUG 38472 --- [           main] org.hibernate.type.BasicTypeRegistry     : Adding type registration blob -> org.hibernate.type.BasicTypeReference@1f758e4f
10:39 DEBUG 38472 --- [           main] org.hibernate.type.BasicTypeRegistry     : Adding type registration java.sql.Blob -> org.hibernate.type.BasicTypeReference@1f758e4f
10:39 DEBUG 38472 --- [           main] org.hibernate.type.BasicTypeRegistry     : Adding type registration materialized_blob -> org.hibernate.type.BasicTypeReference@733534f9
10:39 DEBUG 38472 --- [           main] org.hibernate.type.BasicTypeRegistry     : Adding type registration materialized_blob_wrapper -> org.hibernate.type.BasicTypeReference@661e279d
10:39 DEBUG 38472 --- [           main] org.hibernate.type.BasicTypeRegistry     : Adding type registration short -> org.hibernate.type.BasicTypeReference@beabd6b
10:39 DEBUG 38472 --- [           main] org.hibernate.type.BasicTypeRegistry     : Adding type registration short -> org.hibernate.type.BasicTypeReference@beabd6b
10:39 DEBUG 38472 --- [           main] org.hibernate.type.BasicTypeRegistry     : Adding type registration java.lang.Short -> org.hibernate.type.BasicTypeReference@beabd6b
10:39 DEBUG 38472 --- [           main] org.hibernate.type.BasicTypeRegistry     : Adding type registration integer -> org.hibernate.type.BasicTypeReference@38de5daf
10:39 DEBUG 38472 --- [           main] org.hibernate.type.BasicTypeRegistry     : Adding type registration int -> org.hibernate.type.BasicTypeReference@38de5daf
10:39 DEBUG 38472 --- [           main] org.hibernate.type.BasicTypeRegistry     : Adding type registration java.lang.Integer -> org.hibernate.type.BasicTypeReference@38de5daf
10:39 DEBUG 38472 --- [           main] org.hibernate.type.BasicTypeRegistry     : Adding type registration long -> org.hibernate.type.BasicTypeReference@621624b1
10:39 DEBUG 38472 --- [           main] org.hibernate.type.BasicTypeRegistry     : Adding type registration long -> org.hibernate.type.BasicTypeReference@621624b1
10:39 DEBUG 38472 --- [           main] org.hibernate.type.BasicTypeRegistry     : Adding type registration java.lang.Long -> org.hibernate.type.BasicTypeReference@621624b1
10:39 DEBUG 38472 --- [           main] org.hibernate.type.BasicTypeRegistry     : Adding type registration float -> org.hibernate.type.BasicTypeReference@7523d5a1
10:39 DEBUG 38472 --- [           main] org.hibernate.type.BasicTypeRegistry     : Adding type registration float -> org.hibernate.type.BasicTypeReference@7523d5a1
10:39 DEBUG 38472 --- [           main] org.hibernate.type.BasicTypeRegistry     : Adding type registration java.lang.Float -> org.hibernate.type.BasicTypeReference@7523d5a1
10:39 DEBUG 38472 --- [           main] org.hibernate.type.BasicTypeRegistry     : Adding type registration double -> org.hibernate.type.BasicTypeReference@2bfc2f8b
10:39 DEBUG 38472 --- [           main] org.hibernate.type.BasicTypeRegistry     : Adding type registration double -> org.hibernate.type.BasicTypeReference@2bfc2f8b
10:39 DEBUG 38472 --- [           main] org.hibernate.type.BasicTypeRegistry     : Adding type registration java.lang.Double -> org.hibernate.type.BasicTypeReference@2bfc2f8b
10:39 DEBUG 38472 --- [           main] org.hibernate.type.BasicTypeRegistry     : Adding type registration big_integer -> org.hibernate.type.BasicTypeReference@61853c7e
10:39 DEBUG 38472 --- [           main] org.hibernate.type.BasicTypeRegistry     : Adding type registration java.math.BigInteger -> org.hibernate.type.BasicTypeReference@61853c7e
10:39 DEBUG 38472 --- [           main] org.hibernate.type.BasicTypeRegistry     : Adding type registration big_decimal -> org.hibernate.type.BasicTypeReference@32e5af53
10:39 DEBUG 38472 --- [           main] org.hibernate.type.BasicTypeRegistry     : Adding type registration java.math.BigDecimal -> org.hibernate.type.BasicTypeReference@32e5af53
10:39 DEBUG 38472 --- [           main] org.hibernate.type.BasicTypeRegistry     : Adding type registration character -> org.hibernate.type.BasicTypeReference@5980fa73
10:39 DEBUG 38472 --- [           main] org.hibernate.type.BasicTypeRegistry     : Adding type registration char -> org.hibernate.type.BasicTypeReference@5980fa73
10:39 DEBUG 38472 --- [           main] org.hibernate.type.BasicTypeRegistry     : Adding type registration java.lang.Character -> org.hibernate.type.BasicTypeReference@5980fa73
10:39 DEBUG 38472 --- [           main] org.hibernate.type.BasicTypeRegistry     : Adding type registration character_nchar -> org.hibernate.type.BasicTypeReference@13ca16bf
10:39 DEBUG 38472 --- [           main] org.hibernate.type.BasicTypeRegistry     : Adding type registration string -> org.hibernate.type.BasicTypeReference@5be4be74
10:39 DEBUG 38472 --- [           main] org.hibernate.type.BasicTypeRegistry     : Adding type registration java.lang.String -> org.hibernate.type.BasicTypeReference@5be4be74
10:39 DEBUG 38472 --- [           main] org.hibernate.type.BasicTypeRegistry     : Adding type registration nstring -> org.hibernate.type.BasicTypeReference@44641d6c
10:39 DEBUG 38472 --- [           main] org.hibernate.type.BasicTypeRegistry     : Adding type registration characters -> org.hibernate.type.BasicTypeReference@1ae924f1
10:39 DEBUG 38472 --- [           main] org.hibernate.type.BasicTypeRegistry     : Adding type registration char[] -> org.hibernate.type.BasicTypeReference@1ae924f1
10:39 DEBUG 38472 --- [           main] org.hibernate.type.BasicTypeRegistry     : Adding type registration [C -> org.hibernate.type.BasicTypeReference@1ae924f1
10:39 DEBUG 38472 --- [           main] org.hibernate.type.BasicTypeRegistry     : Adding type registration wrapper-characters -> org.hibernate.type.BasicTypeReference@59d5a6fd
10:39 DEBUG 38472 --- [           main] org.hibernate.type.BasicTypeRegistry     : Adding type registration text -> org.hibernate.type.BasicTypeReference@27bcb4ad
10:39 DEBUG 38472 --- [           main] org.hibernate.type.BasicTypeRegistry     : Adding type registration ntext -> org.hibernate.type.BasicTypeReference@4357524b
10:39 DEBUG 38472 --- [           main] org.hibernate.type.BasicTypeRegistry     : Adding type registration clob -> org.hibernate.type.BasicTypeReference@104a287c
10:39 DEBUG 38472 --- [           main] org.hibernate.type.BasicTypeRegistry     : Adding type registration java.sql.Clob -> org.hibernate.type.BasicTypeReference@104a287c
10:39 DEBUG 38472 --- [           main] org.hibernate.type.BasicTypeRegistry     : Adding type registration nclob -> org.hibernate.type.BasicTypeReference@64dc86c6
10:39 DEBUG 38472 --- [           main] org.hibernate.type.BasicTypeRegistry     : Adding type registration java.sql.NClob -> org.hibernate.type.BasicTypeReference@64dc86c6
10:39 DEBUG 38472 --- [           main] org.hibernate.type.BasicTypeRegistry     : Adding type registration materialized_clob -> org.hibernate.type.BasicTypeReference@26874f2c
10:39 DEBUG 38472 --- [           main] org.hibernate.type.BasicTypeRegistry     : Adding type registration materialized_clob_char_array -> org.hibernate.type.BasicTypeReference@5f3b84bd
10:39 DEBUG 38472 --- [           main] org.hibernate.type.BasicTypeRegistry     : Adding type registration materialized_clob_character_array -> org.hibernate.type.BasicTypeReference@1e734eee
10:39 DEBUG 38472 --- [           main] org.hibernate.type.BasicTypeRegistry     : Adding type registration materialized_nclob -> org.hibernate.type.BasicTypeReference@1e191150
10:39 DEBUG 38472 --- [           main] org.hibernate.type.BasicTypeRegistry     : Adding type registration materialized_nclob_character_array -> org.hibernate.type.BasicTypeReference@2fbd390
10:39 DEBUG 38472 --- [           main] org.hibernate.type.BasicTypeRegistry     : Adding type registration materialized_nclob_char_array -> org.hibernate.type.BasicTypeReference@166b11e
10:39 DEBUG 38472 --- [           main] org.hibernate.type.BasicTypeRegistry     : Adding type registration Duration -> org.hibernate.type.BasicTypeReference@5e68be2
10:39 DEBUG 38472 --- [           main] org.hibernate.type.BasicTypeRegistry     : Adding type registration java.time.Duration -> org.hibernate.type.BasicTypeReference@5e68be2
10:39 DEBUG 38472 --- [           main] org.hibernate.type.BasicTypeRegistry     : Adding type registration LocalDateTime -> org.hibernate.type.BasicTypeReference@5323999f
10:39 DEBUG 38472 --- [           main] org.hibernate.type.BasicTypeRegistry     : Adding type registration java.time.LocalDateTime -> org.hibernate.type.BasicTypeReference@5323999f
10:39 DEBUG 38472 --- [           main] org.hibernate.type.BasicTypeRegistry     : Adding type registration LocalDate -> org.hibernate.type.BasicTypeReference@f18b738
10:39 DEBUG 38472 --- [           main] org.hibernate.type.BasicTypeRegistry     : Adding type registration java.time.LocalDate -> org.hibernate.type.BasicTypeReference@f18b738
10:39 DEBUG 38472 --- [           main] org.hibernate.type.BasicTypeRegistry     : Adding type registration LocalTime -> org.hibernate.type.BasicTypeReference@3bc20984
10:39 DEBUG 38472 --- [           main] org.hibernate.type.BasicTypeRegistry     : Adding type registration java.time.LocalTime -> org.hibernate.type.BasicTypeReference@3bc20984
10:39 DEBUG 38472 --- [           main] org.hibernate.type.BasicTypeRegistry     : Adding type registration OffsetDateTime -> org.hibernate.type.BasicTypeReference@aca3c85
10:39 DEBUG 38472 --- [           main] org.hibernate.type.BasicTypeRegistry     : Adding type registration java.time.OffsetDateTime -> org.hibernate.type.BasicTypeReference@aca3c85
10:39 DEBUG 38472 --- [           main] org.hibernate.type.BasicTypeRegistry     : Adding type registration OffsetDateTimeWithTimezone -> org.hibernate.type.BasicTypeReference@45eab322
10:39 DEBUG 38472 --- [           main] org.hibernate.type.BasicTypeRegistry     : Adding type registration OffsetDateTimeWithoutTimezone -> org.hibernate.type.BasicTypeReference@f017dd0
10:39 DEBUG 38472 --- [           main] org.hibernate.type.BasicTypeRegistry     : Adding type registration OffsetTime -> org.hibernate.type.BasicTypeReference@2424cb9d
10:39 DEBUG 38472 --- [           main] org.hibernate.type.BasicTypeRegistry     : Adding type registration java.time.OffsetTime -> org.hibernate.type.BasicTypeReference@2424cb9d
10:39 DEBUG 38472 --- [           main] org.hibernate.type.BasicTypeRegistry     : Adding type registration OffsetTimeUtc -> org.hibernate.type.BasicTypeReference@7f51f588
10:39 DEBUG 38472 --- [           main] org.hibernate.type.BasicTypeRegistry     : Adding type registration OffsetTimeWithTimezone -> org.hibernate.type.BasicTypeReference@6fb22ae3
10:39 DEBUG 38472 --- [           main] org.hibernate.type.BasicTypeRegistry     : Adding type registration OffsetTimeWithoutTimezone -> org.hibernate.type.BasicTypeReference@6bd92538
10:39 DEBUG 38472 --- [           main] org.hibernate.type.BasicTypeRegistry     : Adding type registration ZonedDateTime -> org.hibernate.type.BasicTypeReference@69a373fd
10:39 DEBUG 38472 --- [           main] org.hibernate.type.BasicTypeRegistry     : Adding type registration java.time.ZonedDateTime -> org.hibernate.type.BasicTypeReference@69a373fd
10:39 DEBUG 38472 --- [           main] org.hibernate.type.BasicTypeRegistry     : Adding type registration ZonedDateTimeWithTimezone -> org.hibernate.type.BasicTypeReference@19ae36f4
10:39 DEBUG 38472 --- [           main] org.hibernate.type.BasicTypeRegistry     : Adding type registration ZonedDateTimeWithoutTimezone -> org.hibernate.type.BasicTypeReference@6735f210
10:39 DEBUG 38472 --- [           main] org.hibernate.type.BasicTypeRegistry     : Adding type registration date -> org.hibernate.type.BasicTypeReference@4567fb2b
10:39 DEBUG 38472 --- [           main] org.hibernate.type.BasicTypeRegistry     : Adding type registration java.sql.Date -> org.hibernate.type.BasicTypeReference@4567fb2b
10:39 DEBUG 38472 --- [           main] org.hibernate.type.BasicTypeRegistry     : Adding type registration time -> org.hibernate.type.BasicTypeReference@372954e1
10:39 DEBUG 38472 --- [           main] org.hibernate.type.BasicTypeRegistry     : Adding type registration java.sql.Time -> org.hibernate.type.BasicTypeReference@372954e1
10:39 DEBUG 38472 --- [           main] org.hibernate.type.BasicTypeRegistry     : Adding type registration timestamp -> org.hibernate.type.BasicTypeReference@5fd8dd66
10:39 DEBUG 38472 --- [           main] org.hibernate.type.BasicTypeRegistry     : Adding type registration java.sql.Timestamp -> org.hibernate.type.BasicTypeReference@5fd8dd66
10:39 DEBUG 38472 --- [           main] org.hibernate.type.BasicTypeRegistry     : Adding type registration java.util.Date -> org.hibernate.type.BasicTypeReference@5fd8dd66
10:39 DEBUG 38472 --- [           main] org.hibernate.type.BasicTypeRegistry     : Adding type registration calendar -> org.hibernate.type.BasicTypeReference@173511ff
10:39 DEBUG 38472 --- [           main] org.hibernate.type.BasicTypeRegistry     : Adding type registration java.util.Calendar -> org.hibernate.type.BasicTypeReference@173511ff
10:39 DEBUG 38472 --- [           main] org.hibernate.type.BasicTypeRegistry     : Adding type registration java.util.GregorianCalendar -> org.hibernate.type.BasicTypeReference@173511ff
10:39 DEBUG 38472 --- [           main] org.hibernate.type.BasicTypeRegistry     : Adding type registration calendar_date -> org.hibernate.type.BasicTypeReference@6df11e91
10:39 DEBUG 38472 --- [           main] org.hibernate.type.BasicTypeRegistry     : Adding type registration calendar_time -> org.hibernate.type.BasicTypeReference@1002d192
10:39 DEBUG 38472 --- [           main] org.hibernate.type.BasicTypeRegistry     : Adding type registration instant -> org.hibernate.type.BasicTypeReference@9281d19
10:39 DEBUG 38472 --- [           main] org.hibernate.type.BasicTypeRegistry     : Adding type registration java.time.Instant -> org.hibernate.type.BasicTypeReference@9281d19
10:39 DEBUG 38472 --- [           main] org.hibernate.type.BasicTypeRegistry     : Adding type registration uuid -> org.hibernate.type.BasicTypeReference@36ad5f2a
10:39 DEBUG 38472 --- [           main] org.hibernate.type.BasicTypeRegistry     : Adding type registration java.util.UUID -> org.hibernate.type.BasicTypeReference@36ad5f2a
10:39 DEBUG 38472 --- [           main] org.hibernate.type.BasicTypeRegistry     : Adding type registration pg-uuid -> org.hibernate.type.BasicTypeReference@36ad5f2a
10:39 DEBUG 38472 --- [           main] org.hibernate.type.BasicTypeRegistry     : Adding type registration uuid-binary -> org.hibernate.type.BasicTypeReference@53cddaf8
10:39 DEBUG 38472 --- [           main] org.hibernate.type.BasicTypeRegistry     : Adding type registration uuid-char -> org.hibernate.type.BasicTypeReference@55c50f52
10:39 DEBUG 38472 --- [           main] org.hibernate.type.BasicTypeRegistry     : Adding type registration class -> org.hibernate.type.BasicTypeReference@1ccc1026
10:39 DEBUG 38472 --- [           main] org.hibernate.type.BasicTypeRegistry     : Adding type registration java.lang.Class -> org.hibernate.type.BasicTypeReference@1ccc1026
10:39 DEBUG 38472 --- [           main] org.hibernate.type.BasicTypeRegistry     : Adding type registration currency -> org.hibernate.type.BasicTypeReference@4044589a
10:39 DEBUG 38472 --- [           main] org.hibernate.type.BasicTypeRegistry     : Adding type registration Currency -> org.hibernate.type.BasicTypeReference@4044589a
10:39 DEBUG 38472 --- [           main] org.hibernate.type.BasicTypeRegistry     : Adding type registration java.util.Currency -> org.hibernate.type.BasicTypeReference@4044589a
10:39 DEBUG 38472 --- [           main] org.hibernate.type.BasicTypeRegistry     : Adding type registration locale -> org.hibernate.type.BasicTypeReference@216f01
10:39 DEBUG 38472 --- [           main] org.hibernate.type.BasicTypeRegistry     : Adding type registration java.util.Locale -> org.hibernate.type.BasicTypeReference@216f01
10:39 DEBUG 38472 --- [           main] org.hibernate.type.BasicTypeRegistry     : Adding type registration serializable -> org.hibernate.type.BasicTypeReference@7c901203
10:39 DEBUG 38472 --- [           main] org.hibernate.type.BasicTypeRegistry     : Adding type registration java.io.Serializable -> org.hibernate.type.BasicTypeReference@7c901203
10:39 DEBUG 38472 --- [           main] org.hibernate.type.BasicTypeRegistry     : Adding type registration timezone -> org.hibernate.type.BasicTypeReference@1e721583
10:39 DEBUG 38472 --- [           main] org.hibernate.type.BasicTypeRegistry     : Adding type registration java.util.TimeZone -> org.hibernate.type.BasicTypeReference@1e721583
10:39 DEBUG 38472 --- [           main] org.hibernate.type.BasicTypeRegistry     : Adding type registration ZoneOffset -> org.hibernate.type.BasicTypeReference@79f5a6ed
10:39 DEBUG 38472 --- [           main] org.hibernate.type.BasicTypeRegistry     : Adding type registration java.time.ZoneOffset -> org.hibernate.type.BasicTypeReference@79f5a6ed
10:39 DEBUG 38472 --- [           main] org.hibernate.type.BasicTypeRegistry     : Adding type registration url -> org.hibernate.type.BasicTypeReference@722787b5
10:39 DEBUG 38472 --- [           main] org.hibernate.type.BasicTypeRegistry     : Adding type registration java.net.URL -> org.hibernate.type.BasicTypeReference@722787b5
10:39 DEBUG 38472 --- [           main] org.hibernate.type.BasicTypeRegistry     : Adding type registration row_version -> org.hibernate.type.BasicTypeReference@edb83f8
10:39 DEBUG 38472 --- [onnection adder] jdk.event.security                       : X509Certificate: Alg:SHA256withRSA, Serial:2, Subject:CN=MySQL_Server_8.1.0_Auto_Generated_Server_Certificate, Issuer:CN=MySQL_Server_8.1.0_Auto_Generated_CA_Certificate, Key type:RSA, Length:2048, Cert Id:2238858924, Valid from:9/10/23, 19:19, Valid until:6/10/33, 19:19
10:39 DEBUG 38472 --- [onnection adder] jdk.event.security                       : X509Certificate: Alg:SHA256withRSA, Serial:1, Subject:CN=MySQL_Server_8.1.0_Auto_Generated_CA_Certificate, Issuer:CN=MySQL_Server_8.1.0_Auto_Generated_CA_Certificate, Key type:RSA, Length:2048, Cert Id:434627574, Valid from:9/10/23, 19:19, Valid until:6/10/33, 19:19
10:39 DEBUG 38472 --- [onnection adder] jdk.event.security                       :  TLSHandshake: localhost:3306, TLSv1.3, TLS_AES_256_GCM_SHA384, 2238858924
10:39 DEBUG 38472 --- [onnection adder] com.zaxxer.hikari.pool.HikariPool        : HikariPool-1 - Added connection com.mysql.cj.jdbc.ConnectionImpl@51a4da1c
10:39 DEBUG 38472 --- [           main] org.hibernate.type.BasicTypeRegistry     : Adding type registration object -> org.hibernate.type.JavaObjectType@4e3283f6
10:39 DEBUG 38472 --- [           main] org.hibernate.type.BasicTypeRegistry     : Adding type registration java.lang.Object -> org.hibernate.type.JavaObjectType@4e3283f6
10:39 DEBUG 38472 --- [           main] org.hibernate.type.BasicTypeRegistry     : Adding type registration null -> org.hibernate.type.NullType@1c7cd434
10:39 DEBUG 38472 --- [           main] org.hibernate.type.BasicTypeRegistry     : Adding type registration imm_date -> org.hibernate.type.BasicTypeReference@13004dd8
10:39 DEBUG 38472 --- [           main] org.hibernate.type.BasicTypeRegistry     : Adding type registration imm_time -> org.hibernate.type.BasicTypeReference@4fc6e776
10:39 DEBUG 38472 --- [           main] org.hibernate.type.BasicTypeRegistry     : Adding type registration imm_timestamp -> org.hibernate.type.BasicTypeReference@65d9e72a
10:39 DEBUG 38472 --- [           main] org.hibernate.type.BasicTypeRegistry     : Adding type registration imm_calendar -> org.hibernate.type.BasicTypeReference@1f7e52d1
10:39 DEBUG 38472 --- [           main] org.hibernate.type.BasicTypeRegistry     : Adding type registration imm_calendar_date -> org.hibernate.type.BasicTypeReference@e01a26b
10:39 DEBUG 38472 --- [           main] org.hibernate.type.BasicTypeRegistry     : Adding type registration imm_calendar_time -> org.hibernate.type.BasicTypeReference@7604198a
10:39 DEBUG 38472 --- [           main] org.hibernate.type.BasicTypeRegistry     : Adding type registration imm_binary -> org.hibernate.type.BasicTypeReference@5cce40d7
10:39 DEBUG 38472 --- [           main] org.hibernate.type.BasicTypeRegistry     : Adding type registration imm_serializable -> org.hibernate.type.BasicTypeReference@314b7945
10:39 DEBUG 38472 --- [           main] o.h.boot.internal.BootstrapContextImpl   : Injecting JPA temp ClassLoader [org.springframework.instrument.classloading.SimpleThrowawayClassLoader@14d1737a] into BootstrapContext; was [null]
10:39 DEBUG 38472 --- [           main] o.h.boot.internal.ClassLoaderAccessImpl  : ClassLoaderAccessImpl#injectTempClassLoader(org.springframework.instrument.classloading.SimpleThrowawayClassLoader@14d1737a) [was null]
10:39 DEBUG 38472 --- [           main] o.h.boot.internal.BootstrapContextImpl   : Injecting ScanEnvironment [org.hibernate.jpa.boot.internal.StandardJpaScanEnvironmentImpl@4e4894d] into BootstrapContext; was [null]
10:39 DEBUG 38472 --- [           main] o.h.boot.internal.BootstrapContextImpl   : Injecting ScanOptions [org.hibernate.boot.archive.scan.internal.StandardScanOptions@1de5cc88] into BootstrapContext; was [org.hibernate.boot.archive.scan.internal.StandardScanOptions@23e2c1ca]
10:39 DEBUG 38472 --- [onnection adder] com.zaxxer.hikari.pool.HikariPool        : HikariPool-1 - After adding stats (total=10, active=0, idle=10, waiting=0)
10:39  INFO 38472 --- [           main] o.h.b.i.BytecodeProviderInitiator        : HHH000021: Bytecode provider name : bytebuddy
10:39  INFO 38472 --- [           main] o.s.o.j.p.SpringPersistenceUnitInfo      : No LoadTimeWeaver setup: ignoring JPA class transformer
10:39 DEBUG 38472 --- [           main] o.h.boot.internal.BootstrapContextImpl   : Injecting JPA temp ClassLoader [null] into BootstrapContext; was [org.springframework.instrument.classloading.SimpleThrowawayClassLoader@14d1737a]
10:39 DEBUG 38472 --- [           main] o.h.boot.internal.ClassLoaderAccessImpl  : ClassLoaderAccessImpl#injectTempClassLoader(null) [was org.springframework.instrument.classloading.SimpleThrowawayClassLoader@14d1737a]
10:39 DEBUG 38472 --- [           main] o.h.e.j.e.i.JdbcEnvironmentInitiator     : Database ->
       name : MySQL
    version : 8.1.0
      major : 8
      minor : 1
10:39 DEBUG 38472 --- [           main] o.h.e.j.e.i.JdbcEnvironmentInitiator     : Driver ->
       name : MySQL Connector/J
    version : mysql-connector-j-8.0.33 (Revision: 7d6b0800528b6b25c68b52dc10d6c1c8429c100c)
      major : 8
      minor : 0
10:39 DEBUG 38472 --- [           main] o.h.e.j.e.i.JdbcEnvironmentInitiator     : JDBC version : 4.2
10:39 DEBUG 38472 --- [           main] org.hibernate.orm.dialect                : HHH035001: Using dialect: org.hibernate.dialect.MySQLDialect, version: 8.1
10:39 DEBUG 38472 --- [           main] o.h.e.j.env.spi.IdentifierHelperBuilder  : JDBC driver metadata reported database stores quoted identifiers in more than one case
10:39 DEBUG 38472 --- [           main] o.h.e.j.env.spi.IdentifierHelperBuilder  : IdentifierCaseStrategy for both quoted and unquoted identifiers was set to the same strategy [LOWER]; that will likely lead to problems in schema update and validation if using quoted identifiers
10:39 DEBUG 38472 --- [           main] o.h.t.d.sql.spi.DdlTypeRegistry          : addDescriptor(12, org.hibernate.type.descriptor.sql.internal.CapacityDependentDdlType@778c2e7c) replaced previous registration(org.hibernate.type.descriptor.sql.internal.CapacityDependentDdlType@b70fa38)
10:39 DEBUG 38472 --- [           main] o.h.t.d.sql.spi.DdlTypeRegistry          : addDescriptor(-9, org.hibernate.type.descriptor.sql.internal.CapacityDependentDdlType@45c423b3) replaced previous registration(org.hibernate.type.descriptor.sql.internal.CapacityDependentDdlType@7e31d53b)
10:39 DEBUG 38472 --- [           main] o.h.t.d.sql.spi.DdlTypeRegistry          : addDescriptor(-3, org.hibernate.type.descriptor.sql.internal.CapacityDependentDdlType@68d8eb4f) replaced previous registration(org.hibernate.type.descriptor.sql.internal.CapacityDependentDdlType@64757d56)
10:39 DEBUG 38472 --- [           main] o.h.t.d.sql.spi.DdlTypeRegistry          : addDescriptor(4003, org.hibernate.type.descriptor.sql.internal.DdlTypeImpl@4813d0) replaced previous registration(org.hibernate.type.descriptor.sql.internal.DdlTypeImpl@702096ef)
10:39 DEBUG 38472 --- [           main] o.h.t.d.sql.spi.DdlTypeRegistry          : addDescriptor(4001, org.hibernate.type.descriptor.sql.internal.DdlTypeImpl@5f0d8937) replaced previous registration(org.hibernate.type.descriptor.sql.internal.DdlTypeImpl@105dc04d)
10:39 DEBUG 38472 --- [           main] o.h.t.d.sql.spi.DdlTypeRegistry          : addDescriptor(4002, org.hibernate.type.descriptor.sql.internal.DdlTypeImpl@504b8705) replaced previous registration(org.hibernate.type.descriptor.sql.internal.DdlTypeImpl@24a8e40d)
10:39 DEBUG 38472 --- [           main] o.h.t.d.sql.spi.DdlTypeRegistry          : addDescriptor(2004, org.hibernate.type.descriptor.sql.internal.CapacityDependentDdlType@175f859e) replaced previous registration(org.hibernate.type.descriptor.sql.internal.DdlTypeImpl@69fe7090)
10:39 DEBUG 38472 --- [           main] o.h.t.d.sql.spi.DdlTypeRegistry          : addDescriptor(2005, org.hibernate.type.descriptor.sql.internal.CapacityDependentDdlType@6501b105) replaced previous registration(org.hibernate.type.descriptor.sql.internal.DdlTypeImpl@66ab924)
10:39 DEBUG 38472 --- [           main] o.h.t.d.sql.spi.DdlTypeRegistry          : addDescriptor(2011, org.hibernate.type.descriptor.sql.internal.CapacityDependentDdlType@6df2af02) replaced previous registration(org.hibernate.type.descriptor.sql.internal.DdlTypeImpl@779228dc)
10:39 DEBUG 38472 --- [           main] o.h.t.d.jdbc.spi.JdbcTypeRegistry        : addDescriptor(NCharTypeDescriptor) replaced previous registration(CharTypeDescriptor)
10:39 DEBUG 38472 --- [           main] o.h.t.d.jdbc.spi.JdbcTypeRegistry        : addDescriptor(NVarcharTypeDescriptor) replaced previous registration(VarcharTypeDescriptor)
10:39 DEBUG 38472 --- [           main] o.h.t.d.jdbc.spi.JdbcTypeRegistry        : addDescriptor(LongNVarcharTypeDescriptor) replaced previous registration(LongVarcharTypeDescriptor)
10:39 DEBUG 38472 --- [           main] o.h.t.d.jdbc.spi.JdbcTypeRegistry        : addDescriptor(NClobTypeDescriptor(DEFAULT)) replaced previous registration(ClobTypeDescriptor(DEFAULT))
10:39 DEBUG 38472 --- [           main] o.h.t.d.jdbc.spi.JdbcTypeRegistry        : addDescriptor(2005, ClobTypeDescriptor(STREAM_BINDING)) replaced previous registration(ClobTypeDescriptor(DEFAULT))
10:39 DEBUG 38472 --- [           main] org.hibernate.type.BasicTypeRegistry     : Adding type registration null -> org.hibernate.type.NullType@1cc9bd9b
10:39 DEBUG 38472 --- [           main] org.hibernate.type.BasicTypeRegistry     : Type registration key [null] overrode previous entry : `org.hibernate.type.NullType@1c7cd434`
10:39 DEBUG 38472 --- [           main] org.hibernate.type.BasicTypeRegistry     : Adding type registration org.hibernate.type.OffsetDateTimeType -> basicType@1(java.time.OffsetDateTime,3003)
10:39 DEBUG 38472 --- [           main] org.hibernate.type.BasicTypeRegistry     : Adding type registration OffsetDateTime -> basicType@1(java.time.OffsetDateTime,3003)
10:39 DEBUG 38472 --- [           main] org.hibernate.type.BasicTypeRegistry     : Adding type registration java.time.OffsetDateTime -> basicType@1(java.time.OffsetDateTime,3003)
10:39 DEBUG 38472 --- [           main] org.hibernate.type.BasicTypeRegistry     : Adding type registration org.hibernate.type.ZonedDateTimeType -> basicType@2(java.time.ZonedDateTime,3003)
10:39 DEBUG 38472 --- [           main] org.hibernate.type.BasicTypeRegistry     : Adding type registration ZonedDateTime -> basicType@2(java.time.ZonedDateTime,3003)
10:39 DEBUG 38472 --- [           main] org.hibernate.type.BasicTypeRegistry     : Adding type registration java.time.ZonedDateTime -> basicType@2(java.time.ZonedDateTime,3003)
10:39 DEBUG 38472 --- [           main] org.hibernate.type.BasicTypeRegistry     : Adding type registration org.hibernate.type.OffsetTimeType -> basicType@3(java.time.OffsetTime,3007)
10:39 DEBUG 38472 --- [           main] org.hibernate.type.BasicTypeRegistry     : Adding type registration OffsetTime -> basicType@3(java.time.OffsetTime,3007)
10:39 DEBUG 38472 --- [           main] org.hibernate.type.BasicTypeRegistry     : Adding type registration java.time.OffsetTime -> basicType@3(java.time.OffsetTime,3007)
10:39 DEBUG 38472 --- [           main] o.h.type.spi.TypeConfiguration$Scope     : Scoping TypeConfiguration [org.hibernate.type.spi.TypeConfiguration@6ba0ee4a] to MetadataBuildingContext [org.hibernate.boot.internal.MetadataBuildingContextRootImpl@73b0ed03]
10:39 DEBUG 38472 --- [           main] o.h.boot.model.relational.Namespace      : Created database namespace [logicalName=Name{catalog=null, schema=null}, physicalName=Name{catalog=null, schema=null}]
10:39 DEBUG 38472 --- [           main] o.h.boot.model.internal.EntityBinder     : Binding entity from annotated class: com.tienda.domain.Categoria
10:39 DEBUG 38472 --- [           main] o.h.boot.model.internal.EntityBinder     : Import with entity name Categoria
10:39 DEBUG 38472 --- [           main] o.h.boot.model.internal.EntityBinder     : Bind entity com.tienda.domain.Categoria on table categoria
10:39 DEBUG 38472 --- [           main] o.h.boot.model.internal.AnnotatedColumn  : Binding column: AnnotatedDiscriminatorColumn(column='DTYPE')
10:39 DEBUG 38472 --- [           main] o.h.boot.model.internal.AnnotatedColumn  : Binding column: AnnotatedColumn(column='id_categoria')
10:39 DEBUG 38472 --- [           main] o.h.boot.internal.ClassLoaderAccessImpl  : Not known whether passed class name [com.tienda.domain.Categoria] is safe
10:39 DEBUG 38472 --- [           main] o.h.boot.internal.ClassLoaderAccessImpl  : No temp ClassLoader provided; using live ClassLoader for loading potentially unsafe class : com.tienda.domain.Categoria
10:39 DEBUG 38472 --- [           main] o.h.boot.model.internal.PropertyBinder   : MetadataSourceProcessor property idCategoria with lazy=false
10:39 DEBUG 38472 --- [           main] o.h.b.m.internal.AbstractPropertyHolder  : Attempting to locate auto-apply AttributeConverter for property [com.tienda.domain.Categoria:idCategoria]
10:39 DEBUG 38472 --- [           main] o.h.b.model.internal.BasicValueBinder    : building BasicValue for idCategoria
10:39 DEBUG 38472 --- [           main] org.hibernate.mapping.BasicValue         : Skipping column re-registration: categoria.id_categoria
10:39 DEBUG 38472 --- [           main] o.h.boot.model.internal.PropertyBinder   : Building property idCategoria
10:39 DEBUG 38472 --- [           main] o.h.boot.model.internal.BinderHelper     : #makeIdGenerator(BasicValue([Column(id_categoria)]), idCategoria, identity, , ...)
10:39 DEBUG 38472 --- [           main] o.h.boot.model.internal.AnnotatedColumn  : Binding column: AnnotatedColumn()
10:39 DEBUG 38472 --- [           main] o.h.boot.model.internal.PropertyBinder   : MetadataSourceProcessor property activo with lazy=false
10:39 DEBUG 38472 --- [           main] o.h.b.m.internal.AbstractPropertyHolder  : Attempting to locate auto-apply AttributeConverter for property [com.tienda.domain.Categoria:activo]
10:39 DEBUG 38472 --- [           main] o.h.b.model.internal.BasicValueBinder    : building BasicValue for activo
10:39 DEBUG 38472 --- [           main] org.hibernate.mapping.BasicValue         : Skipping column re-registration: categoria.activo
10:39 DEBUG 38472 --- [           main] o.h.boot.model.internal.PropertyBinder   : Building property activo
10:39 DEBUG 38472 --- [           main] o.h.boot.model.internal.AnnotatedColumn  : Binding column: AnnotatedColumn()
10:39 DEBUG 38472 --- [           main] o.h.boot.model.internal.PropertyBinder   : MetadataSourceProcessor property descripcion with lazy=false
10:39 DEBUG 38472 --- [           main] o.h.b.m.internal.AbstractPropertyHolder  : Attempting to locate auto-apply AttributeConverter for property [com.tienda.domain.Categoria:descripcion]
10:39 DEBUG 38472 --- [           main] o.h.b.model.internal.BasicValueBinder    : building BasicValue for descripcion
10:39 DEBUG 38472 --- [           main] org.hibernate.mapping.BasicValue         : Skipping column re-registration: categoria.descripcion
10:39 DEBUG 38472 --- [           main] o.h.boot.model.internal.PropertyBinder   : Building property descripcion
10:39 DEBUG 38472 --- [           main] o.h.boot.model.internal.AnnotatedColumn  : Binding column: AnnotatedColumn()
10:39 DEBUG 38472 --- [           main] o.h.boot.model.internal.PropertyBinder   : MetadataSourceProcessor property rutaImagen with lazy=false
10:39 DEBUG 38472 --- [           main] o.h.b.m.internal.AbstractPropertyHolder  : Attempting to locate auto-apply AttributeConverter for property [com.tienda.domain.Categoria:rutaImagen]
10:39 DEBUG 38472 --- [           main] o.h.b.model.internal.BasicValueBinder    : building BasicValue for rutaImagen
10:39 DEBUG 38472 --- [           main] org.hibernate.mapping.BasicValue         : Skipping column re-registration: categoria.ruta_imagen
10:39 DEBUG 38472 --- [           main] o.h.boot.model.internal.PropertyBinder   : Building property rutaImagen
10:39 DEBUG 38472 --- [           main] o.h.boot.model.internal.EntityBinder     : Binding entity from annotated class: com.tienda.domain.Producto
10:39 DEBUG 38472 --- [           main] o.h.boot.model.internal.EntityBinder     : Import with entity name Producto
10:39 DEBUG 38472 --- [           main] o.h.boot.model.internal.EntityBinder     : Bind entity com.tienda.domain.Producto on table producto
10:39 DEBUG 38472 --- [           main] o.h.boot.model.internal.AnnotatedColumn  : Binding column: AnnotatedDiscriminatorColumn(column='DTYPE')
10:39 DEBUG 38472 --- [           main] o.h.boot.model.internal.AnnotatedColumn  : Binding column: AnnotatedColumn(column='id_producto')
10:39 DEBUG 38472 --- [           main] o.h.boot.internal.ClassLoaderAccessImpl  : Not known whether passed class name [com.tienda.domain.Producto] is safe
10:39 DEBUG 38472 --- [           main] o.h.boot.internal.ClassLoaderAccessImpl  : No temp ClassLoader provided; using live ClassLoader for loading potentially unsafe class : com.tienda.domain.Producto
10:39 DEBUG 38472 --- [           main] o.h.boot.model.internal.PropertyBinder   : MetadataSourceProcessor property idProducto with lazy=false
10:39 DEBUG 38472 --- [           main] o.h.b.m.internal.AbstractPropertyHolder  : Attempting to locate auto-apply AttributeConverter for property [com.tienda.domain.Producto:idProducto]
10:39 DEBUG 38472 --- [           main] o.h.b.model.internal.BasicValueBinder    : building BasicValue for idProducto
10:39 DEBUG 38472 --- [           main] org.hibernate.mapping.BasicValue         : Skipping column re-registration: producto.id_producto
10:39 DEBUG 38472 --- [           main] o.h.boot.model.internal.PropertyBinder   : Building property idProducto
10:39 DEBUG 38472 --- [           main] o.h.boot.model.internal.BinderHelper     : #makeIdGenerator(BasicValue([Column(id_producto)]), idProducto, identity, , ...)
10:39 DEBUG 38472 --- [           main] o.h.boot.model.internal.AnnotatedColumn  : Binding column: AnnotatedColumn()
10:39 DEBUG 38472 --- [           main] o.h.boot.model.internal.PropertyBinder   : MetadataSourceProcessor property activo with lazy=false
10:39 DEBUG 38472 --- [           main] o.h.b.m.internal.AbstractPropertyHolder  : Attempting to locate auto-apply AttributeConverter for property [com.tienda.domain.Producto:activo]
10:39 DEBUG 38472 --- [           main] o.h.b.model.internal.BasicValueBinder    : building BasicValue for activo
10:39 DEBUG 38472 --- [           main] org.hibernate.mapping.BasicValue         : Skipping column re-registration: producto.activo
10:39 DEBUG 38472 --- [           main] o.h.boot.model.internal.PropertyBinder   : Building property activo
10:39 DEBUG 38472 --- [           main] o.h.boot.model.internal.AnnotatedColumn  : Binding column: AnnotatedColumn()
10:39 DEBUG 38472 --- [           main] o.h.boot.model.internal.PropertyBinder   : MetadataSourceProcessor property descripcion with lazy=false
10:39 DEBUG 38472 --- [           main] o.h.b.m.internal.AbstractPropertyHolder  : Attempting to locate auto-apply AttributeConverter for property [com.tienda.domain.Producto:descripcion]
10:39 DEBUG 38472 --- [           main] o.h.b.model.internal.BasicValueBinder    : building BasicValue for descripcion
10:39 DEBUG 38472 --- [           main] org.hibernate.mapping.BasicValue         : Skipping column re-registration: producto.descripcion
10:39 DEBUG 38472 --- [           main] o.h.boot.model.internal.PropertyBinder   : Building property descripcion
10:39 DEBUG 38472 --- [           main] o.h.boot.model.internal.AnnotatedColumn  : Binding column: AnnotatedColumn()
10:39 DEBUG 38472 --- [           main] o.h.boot.model.internal.PropertyBinder   : MetadataSourceProcessor property detalle with lazy=false
10:39 DEBUG 38472 --- [           main] o.h.b.m.internal.AbstractPropertyHolder  : Attempting to locate auto-apply AttributeConverter for property [com.tienda.domain.Producto:detalle]
10:39 DEBUG 38472 --- [           main] o.h.b.model.internal.BasicValueBinder    : building BasicValue for detalle
10:39 DEBUG 38472 --- [           main] org.hibernate.mapping.BasicValue         : Skipping column re-registration: producto.detalle
10:39 DEBUG 38472 --- [           main] o.h.boot.model.internal.PropertyBinder   : Building property detalle
10:39 DEBUG 38472 --- [           main] o.h.boot.model.internal.AnnotatedColumn  : Binding column: AnnotatedColumn()
10:39 DEBUG 38472 --- [           main] o.h.boot.model.internal.PropertyBinder   : MetadataSourceProcessor property existencias with lazy=false
10:39 DEBUG 38472 --- [           main] o.h.b.m.internal.AbstractPropertyHolder  : Attempting to locate auto-apply AttributeConverter for property [com.tienda.domain.Producto:existencias]
10:39 DEBUG 38472 --- [           main] o.h.b.model.internal.BasicValueBinder    : building BasicValue for existencias
10:39 DEBUG 38472 --- [           main] org.hibernate.mapping.BasicValue         : Skipping column re-registration: producto.existencias
10:39 DEBUG 38472 --- [           main] o.h.boot.model.internal.PropertyBinder   : Building property existencias
10:39 DEBUG 38472 --- [           main] o.h.boot.model.internal.AnnotatedColumn  : Binding column: AnnotatedColumn()
10:39 DEBUG 38472 --- [           main] o.h.boot.model.internal.PropertyBinder   : MetadataSourceProcessor property idCategoria with lazy=false
10:39 DEBUG 38472 --- [           main] o.h.b.m.internal.AbstractPropertyHolder  : Attempting to locate auto-apply AttributeConverter for property [com.tienda.domain.Producto:idCategoria]
10:39 DEBUG 38472 --- [           main] o.h.b.model.internal.BasicValueBinder    : building BasicValue for idCategoria
10:39 DEBUG 38472 --- [           main] org.hibernate.mapping.BasicValue         : Skipping column re-registration: producto.id_categoria
10:39 DEBUG 38472 --- [           main] o.h.boot.model.internal.PropertyBinder   : Building property idCategoria
10:39 DEBUG 38472 --- [           main] o.h.boot.model.internal.AnnotatedColumn  : Binding column: AnnotatedColumn()
[...]
      Did not match:
         - @ConditionalOnClass did not find required class 'org.neo4j.driver.Driver' (OnClassCondition)

   Neo4jRepositoriesAutoConfiguration:
      Did not match:
         - @ConditionalOnClass did not find required class 'org.neo4j.driver.Driver' (OnClassCondition)

   OAuth2AuthorizationServerAutoConfiguration:
      Did not match:
         - @ConditionalOnClass did not find required class 'org.springframework.security.oauth2.server.authorization.OAuth2Authorization' (OnClassCondition)

   OAuth2AuthorizationServerJwtAutoConfiguration:
      Did not match:
         - @ConditionalOnClass did not find required class 'org.springframework.security.oauth2.server.authorization.OAuth2Authorization' (OnClassCondition)

   OAuth2ClientAutoConfiguration:
      Did not match:
         - @ConditionalOnClass did not find required class 'org.springframework.security.config.annotation.web.configuration.EnableWebSecurity' (OnClassCondition)

   OAuth2ResourceServerAutoConfiguration:
      Did not match:
         - @ConditionalOnClass did not find required class 'org.springframework.security.oauth2.server.resource.authentication.BearerTokenAuthenticationToken' (OnClassCondition)

   ProjectInfoAutoConfiguration#buildProperties:
      Did not match:
         - @ConditionalOnResource did not find resource '${spring.info.build.location:classpath:META-INF/build-info.properties}' (OnResourceCondition)

   ProjectInfoAutoConfiguration#gitProperties:
      Did not match:
         - GitResource did not find git info at classpath:git.properties (ProjectInfoAutoConfiguration.GitResourceAvailableCondition)

   QuartzAutoConfiguration:
      Did not match:
         - @ConditionalOnClass did not find required class 'org.quartz.Scheduler' (OnClassCondition)

   R2dbcAutoConfiguration:
      Did not match:
         - @ConditionalOnClass did not find required class 'io.r2dbc.spi.ConnectionFactory' (OnClassCondition)

   R2dbcDataAutoConfiguration:
      Did not match:
         - @ConditionalOnClass did not find required class 'org.springframework.data.r2dbc.core.R2dbcEntityTemplate' (OnClassCondition)

   R2dbcInitializationConfiguration:
      Did not match:
         - @ConditionalOnClass did not find required classes 'io.r2dbc.spi.ConnectionFactory', 'org.springframework.r2dbc.connection.init.DatabasePopulator' (OnClassCondition)

   R2dbcRepositoriesAutoConfiguration:
      Did not match:
         - @ConditionalOnClass did not find required class 'io.r2dbc.spi.ConnectionFactory' (OnClassCondition)

   R2dbcTransactionManagerAutoConfiguration:
      Did not match:
         - @ConditionalOnClass did not find required class 'org.springframework.r2dbc.connection.R2dbcTransactionManager' (OnClassCondition)

   RSocketGraphQlClientAutoConfiguration:
      Did not match:
         - @ConditionalOnClass did not find required class 'graphql.GraphQL' (OnClassCondition)

   RSocketMessagingAutoConfiguration:
      Did not match:
         - @ConditionalOnClass did not find required class 'io.rsocket.RSocket' (OnClassCondition)

   RSocketRequesterAutoConfiguration:
      Did not match:
         - @ConditionalOnClass did not find required class 'io.rsocket.RSocket' (OnClassCondition)

   RSocketSecurityAutoConfiguration:
      Did not match:
         - @ConditionalOnClass did not find required class 'org.springframework.security.rsocket.core.SecuritySocketAcceptorInterceptor' (OnClassCondition)

   RSocketServerAutoConfiguration:
      Did not match:
         - @ConditionalOnClass did not find required class 'io.rsocket.core.RSocketServer' (OnClassCondition)

   RSocketStrategiesAutoConfiguration:
      Did not match:
         - @ConditionalOnClass did not find required class 'io.rsocket.RSocket' (OnClassCondition)

   RabbitAutoConfiguration:
      Did not match:
         - @ConditionalOnClass did not find required class 'com.rabbitmq.client.Channel' (OnClassCondition)

   ReactiveElasticsearchClientAutoConfiguration:
      Did not match:
         - @ConditionalOnClass did not find required class 'co.elastic.clients.transport.ElasticsearchTransport' (OnClassCondition)

   ReactiveElasticsearchRepositoriesAutoConfiguration:
      Did not match:
         - @ConditionalOnClass did not find required class 'org.springframework.data.elasticsearch.client.elc.ReactiveElasticsearchClient' (OnClassCondition)

   ReactiveMultipartAutoConfiguration:
      Did not match:
         - @ConditionalOnClass did not find required class 'org.springframework.web.reactive.config.WebFluxConfigurer' (OnClassCondition)

   ReactiveOAuth2ClientAutoConfiguration:
      Did not match:
         - @ConditionalOnClass did not find required class 'reactor.core.publisher.Flux' (OnClassCondition)

   ReactiveOAuth2ResourceServerAutoConfiguration:
      Did not match:
         - @ConditionalOnClass did not find required class 'org.springframework.security.config.annotation.web.reactive.EnableWebFluxSecurity' (OnClassCondition)

   ReactiveSecurityAutoConfiguration:
      Did not match:
         - @ConditionalOnClass did not find required class 'reactor.core.publisher.Flux' (OnClassCondition)

   ReactiveUserDetailsServiceAutoConfiguration:
      Did not match:
         - @ConditionalOnClass did not find required class 'org.springframework.security.authentication.ReactiveAuthenticationManager' (OnClassCondition)

   ReactiveWebServerFactoryAutoConfiguration:
      Did not match:
         - @ConditionalOnWebApplication did not find reactive web application classes (OnWebApplicationCondition)

   RedisAutoConfiguration:
      Did not match:
         - @ConditionalOnClass did not find required class 'org.springframework.data.redis.core.RedisOperations' (OnClassCondition)

   RedisCacheConfiguration:
      Did not match:
         - @ConditionalOnClass did not find required class 'org.springframework.data.redis.connection.RedisConnectionFactory' (OnClassCondition)

   RedisReactiveAutoConfiguration:
      Did not match:
         - @ConditionalOnClass did not find required class 'reactor.core.publisher.Flux' (OnClassCondition)

   RedisRepositoriesAutoConfiguration:
      Did not match:
         - @ConditionalOnClass did not find required class 'org.springframework.data.redis.repository.configuration.EnableRedisRepositories' (OnClassCondition)

   RemoteDevToolsAutoConfiguration:
      Did not match:
         - @ConditionalOnProperty (spring.devtools.remote.secret) did not find property 'secret' (OnPropertyCondition)
      Matched:
         - @ConditionalOnClass found required classes 'jakarta.servlet.Filter', 'org.springframework.http.server.ServerHttpRequest' (OnClassCondition)

   RepositoryRestMvcAutoConfiguration:
      Did not match:
         - @ConditionalOnClass did not find required class 'org.springframework.data.rest.webmvc.config.RepositoryRestMvcConfiguration' (OnClassCondition)

   Saml2RelyingPartyAutoConfiguration:
      Did not match:
         - @ConditionalOnClass did not find required class 'org.springframework.security.saml2.provider.service.registration.RelyingPartyRegistrationRepository' (OnClassCondition)

   SecurityAutoConfiguration:
      Did not match:
         - @ConditionalOnClass did not find required class 'org.springframework.security.authentication.DefaultAuthenticationEventPublisher' (OnClassCondition)

   SecurityFilterAutoConfiguration:
      Did not match:
         - @ConditionalOnClass did not find required class 'org.springframework.security.config.http.SessionCreationPolicy' (OnClassCondition)

   SendGridAutoConfiguration:
      Did not match:
         - @ConditionalOnClass did not find required class 'com.sendgrid.SendGrid' (OnClassCondition)

   ServletWebServerFactoryAutoConfiguration.ForwardedHeaderFilterConfiguration:
      Did not match:
         - @ConditionalOnProperty (server.forward-headers-strategy=framework) did not find property 'server.forward-headers-strategy' (OnPropertyCondition)

   ServletWebServerFactoryConfiguration.EmbeddedJetty:
      Did not match:
         - @ConditionalOnClass did not find required classes 'org.eclipse.jetty.server.Server', 'org.eclipse.jetty.util.Loader', 'org.eclipse.jetty.webapp.WebAppContext' (OnClassCondition)

   ServletWebServerFactoryConfiguration.EmbeddedUndertow:
      Did not match:
         - @ConditionalOnClass did not find required classes 'io.undertow.Undertow', 'org.xnio.SslClientAuthMode' (OnClassCondition)

   SessionAutoConfiguration:
      Did not match:
         - @ConditionalOnClass did not find required class 'org.springframework.session.Session' (OnClassCondition)

   SpringApplicationAdminJmxAutoConfiguration:
      Did not match:
         - @ConditionalOnProperty (spring.application.admin.enabled=true) did not find property 'enabled' (OnPropertyCondition)

   TaskSchedulingAutoConfiguration#scheduledBeanLazyInitializationExcludeFilter:
      Did not match:
         - @ConditionalOnBean (names: org.springframework.context.annotation.internalScheduledAnnotationProcessor; SearchStrategy: all) did not find any beans named org.springframework.context.annotation.internalScheduledAnnotationProcessor (OnBeanCondition)

   TaskSchedulingAutoConfiguration#taskScheduler:
      Did not match:
         - @ConditionalOnBean (names: org.springframework.context.annotation.internalScheduledAnnotationProcessor; SearchStrategy: all) did not find any beans named org.springframework.context.annotation.internalScheduledAnnotationProcessor (OnBeanCondition)

   TemplateEngineConfigurations.ReactiveTemplateEngineConfiguration:
      Did not match:
         - did not find reactive web application classes (OnWebApplicationCondition)

   ThymeleafAutoConfiguration.DataAttributeDialectConfiguration:
      Did not match:
         - @ConditionalOnClass did not find required class 'com.github.mxab.thymeleaf.extras.dataattribute.dialect.DataAttributeDialect' (OnClassCondition)

   ThymeleafAutoConfiguration.ThymeleafSecurityDialectConfiguration:
      Did not match:
         - @ConditionalOnClass did not find required classes 'org.thymeleaf.extras.springsecurity6.dialect.SpringSecurityDialect', 'org.springframework.security.web.server.csrf.CsrfToken' (OnClassCondition)

   ThymeleafAutoConfiguration.ThymeleafWebFluxConfiguration:
      Did not match:
         - did not find reactive web application classes (OnWebApplicationCondition)

   ThymeleafAutoConfiguration.ThymeleafWebLayoutConfiguration:
      Did not match:
         - @ConditionalOnClass did not find required class 'nz.net.ultraq.thymeleaf.layoutdialect.LayoutDialect' (OnClassCondition)

   TransactionAutoConfiguration#transactionalOperator:
      Did not match:
         - @ConditionalOnSingleCandidate (types: org.springframework.transaction.ReactiveTransactionManager; SearchStrategy: all) did not find any beans (OnBeanCondition)

   TransactionAutoConfiguration.EnableTransactionManagementConfiguration.JdkDynamicAutoProxyConfiguration:
      Did not match:
         - @ConditionalOnProperty (spring.aop.proxy-target-class=false) did not find property 'proxy-target-class' (OnPropertyCondition)

   UserDetailsServiceAutoConfiguration:
      Did not match:
         - @ConditionalOnClass did not find required class 'org.springframework.security.authentication.AuthenticationManager' (OnClassCondition)

   ValidationAutoConfiguration:
      Did not match:
         - @ConditionalOnClass did not find required class 'jakarta.validation.executable.ExecutableValidator' (OnClassCondition)

   WebClientAutoConfiguration:
      Did not match:
         - @ConditionalOnClass did not find required class 'org.springframework.web.reactive.function.client.WebClient' (OnClassCondition)

   WebFluxAutoConfiguration:
      Did not match:
         - @ConditionalOnClass did not find required class 'org.springframework.web.reactive.config.WebFluxConfigurer' (OnClassCondition)

   WebMvcAutoConfiguration#hiddenHttpMethodFilter:
      Did not match:
         - @ConditionalOnProperty (spring.mvc.hiddenmethod.filter.enabled) did not find property 'enabled' (OnPropertyCondition)

   WebMvcAutoConfiguration.EnableWebMvcConfiguration#localeResolver:
      Did not match:
         - @ConditionalOnMissingBean (names: localeResolver; SearchStrategy: all) found beans named localeResolver (OnBeanCondition)

   WebMvcAutoConfiguration.ProblemDetailsErrorHandlingConfiguration:
      Did not match:
         - @ConditionalOnProperty (spring.mvc.problemdetails.enabled=true) did not find property 'enabled' (OnPropertyCondition)

   WebMvcAutoConfiguration.WebMvcAutoConfigurationAdapter#beanNameViewResolver:
      Did not match:
         - @ConditionalOnMissingBean (types: org.springframework.web.servlet.view.BeanNameViewResolver; SearchStrategy: all) found beans of type 'org.springframework.web.servlet.view.BeanNameViewResolver' beanNameViewResolver (OnBeanCondition)

   WebServiceTemplateAutoConfiguration:
      Did not match:
         - @ConditionalOnClass did not find required class 'org.springframework.oxm.Marshaller' (OnClassCondition)

   WebServicesAutoConfiguration:
      Did not match:
         - @ConditionalOnClass did not find required class 'org.springframework.ws.transport.http.MessageDispatcherServlet' (OnClassCondition)

   WebSessionIdResolverAutoConfiguration:
      Did not match:
         - @ConditionalOnClass did not find required class 'reactor.core.publisher.Mono' (OnClassCondition)

   WebSocketMessagingAutoConfiguration:
      Did not match:
         - @ConditionalOnClass did not find required class 'org.springframework.web.socket.config.annotation.WebSocketMessageBrokerConfigurer' (OnClassCondition)

   WebSocketReactiveAutoConfiguration:
      Did not match:
         - @ConditionalOnWebApplication did not find reactive web application classes (OnWebApplicationCondition)

   WebSocketServletAutoConfiguration.JettyWebSocketConfiguration:
      Did not match:
         - @ConditionalOnClass did not find required class 'org.eclipse.jetty.websocket.jakarta.server.config.JakartaWebSocketServletContainerInitializer' (OnClassCondition)

   WebSocketServletAutoConfiguration.UndertowWebSocketConfiguration:
      Did not match:
         - @ConditionalOnClass did not find required class 'io.undertow.websockets.jsr.Bootstrap' (OnClassCondition)

   XADataSourceAutoConfiguration:
      Did not match:
         - @ConditionalOnBean (types: org.springframework.boot.jdbc.XADataSourceWrapper; SearchStrategy: all) did not find any beans of type org.springframework.boot.jdbc.XADataSourceWrapper (OnBeanCondition)
      Matched:
         - @ConditionalOnClass found required classes 'javax.sql.DataSource', 'jakarta.transaction.TransactionManager', 'org.springframework.jdbc.datasource.embedded.EmbeddedDatabaseType' (OnClassCondition)


Exclusions:
-----------

    None


Unconditional classes:
----------------------

    org.springframework.boot.autoconfigure.context.ConfigurationPropertiesAutoConfiguration

    org.springframework.boot.autoconfigure.ssl.SslAutoConfiguration

    org.springframework.boot.autoconfigure.context.LifecycleAutoConfiguration

    org.springframework.boot.autoconfigure.context.PropertyPlaceholderAutoConfiguration

    org.springframework.boot.autoconfigure.availability.ApplicationAvailabilityAutoConfiguration

    org.springframework.boot.autoconfigure.info.ProjectInfoAutoConfiguration



10:40  INFO 38472 --- [           main] com.tienda.TiendaApplicationTests        : Started TiendaApplicationTests in 6.192 seconds (process running for 7.751)
10:40 DEBUG 38472 --- [           main] o.s.b.a.ApplicationAvailabilityBean      : Application availability state LivenessState changed to CORRECT
10:40 DEBUG 38472 --- [           main] o.s.boot.devtools.restart.Restarter      : Creating new Restarter for thread Thread[#1,main,5,main]
10:40 DEBUG 38472 --- [           main] o.s.b.a.ApplicationAvailabilityBean      : Application availability state ReadinessState changed to ACCEPTING_TRAFFIC
10:40 DEBUG 38472 --- [           main] org.springframework.test.context.cache   : Spring test ApplicationContext cache statistics: [DefaultContextCache@5418a659 size = 1, maxSize = 32, parentContextCount = 0, hitCount = 0, missCount = 1]
10:40 DEBUG 38472 --- [           main] o.s.t.c.w.ServletTestExecutionListener   : Setting up MockHttpServletRequest, MockHttpServletResponse, ServletWebRequest, and RequestContextHolder for test class com.tienda.TiendaApplicationTests
10:40 DEBUG 38472 --- [           main] DependencyInjectionTestExecutionListener : Performing dependency injection for test class com.tienda.TiendaApplicationTests
10:40 DEBUG 38472 --- [           main] org.springframework.test.context.cache   : Spring test ApplicationContext cache statistics: [DefaultContextCache@5418a659 size = 1, maxSize = 32, parentContextCount = 0, hitCount = 1, missCount = 1]
10:40 DEBUG 38472 --- [           main] org.springframework.test.context.cache   : Spring test ApplicationContext cache statistics: [DefaultContextCache@5418a659 size = 1, maxSize = 32, parentContextCount = 0, hitCount = 2, missCount = 1]
10:40 DEBUG 38472 --- [           main] sContextBeforeModesTestExecutionListener : Before test method: class [TiendaApplicationTests], method [contextLoads], class annotated with @DirtiesContext [false] with mode [null], method annotated with @DirtiesContext [false] with mode [null]
10:40 DEBUG 38472 --- [           main] org.springframework.test.context.cache   : Spring test ApplicationContext cache statistics: [DefaultContextCache@5418a659 size = 1, maxSize = 32, parentContextCount = 0, hitCount = 3, missCount = 1]
10:40 DEBUG 38472 --- [           main] org.springframework.test.context.cache   : Spring test ApplicationContext cache statistics: [DefaultContextCache@5418a659 size = 1, maxSize = 32, parentContextCount = 0, hitCount = 4, missCount = 1]
10:40 DEBUG 38472 --- [           main] org.springframework.test.context.cache   : Spring test ApplicationContext cache statistics: [DefaultContextCache@5418a659 size = 1, maxSize = 32, parentContextCount = 0, hitCount = 5, missCount = 1]
10:40 DEBUG 38472 --- [           main] org.springframework.test.context.cache   : Spring test ApplicationContext cache statistics: [DefaultContextCache@5418a659 size = 1, maxSize = 32, parentContextCount = 0, hitCount = 6, missCount = 1]
10:40 DEBUG 38472 --- [           main] org.springframework.test.context.cache   : Spring test ApplicationContext cache statistics: [DefaultContextCache@5418a659 size = 1, maxSize = 32, parentContextCount = 0, hitCount = 7, missCount = 1]
10:40 DEBUG 38472 --- [           main] org.springframework.test.context.cache   : Spring test ApplicationContext cache statistics: [DefaultContextCache@5418a659 size = 1, maxSize = 32, parentContextCount = 0, hitCount = 8, missCount = 1]
10:40 DEBUG 38472 --- [           main] org.springframework.test.context.cache   : Spring test ApplicationContext cache statistics: [DefaultContextCache@5418a659 size = 1, maxSize = 32, parentContextCount = 0, hitCount = 9, missCount = 1]
10:40 DEBUG 38472 --- [           main] org.springframework.test.context.cache   : Spring test ApplicationContext cache statistics: [DefaultContextCache@5418a659 size = 1, maxSize = 32, parentContextCount = 0, hitCount = 10, missCount = 1]
10:40 DEBUG 38472 --- [           main] org.springframework.test.context.cache   : Spring test ApplicationContext cache statistics: [DefaultContextCache@5418a659 size = 1, maxSize = 32, parentContextCount = 0, hitCount = 11, missCount = 1]
10:40 DEBUG 38472 --- [           main] .c.s.DirtiesContextTestExecutionListener : After test method: class [TiendaApplicationTests], method [contextLoads], class annotated with @DirtiesContext [false] with mode [null], method annotated with @DirtiesContext [false] with mode [null]
10:40 DEBUG 38472 --- [           main] o.s.t.c.w.ServletTestExecutionListener   : Resetting RequestContextHolder for test class com.tienda.TiendaApplicationTests
]]></system-out>
  </testcase>
</testsuite>