<?xml version="1.0" encoding="UTF-8"?>
<testsuite xmlns:xsi="http://www.w3.org/2001/XMLSchema-instance" xsi:noNamespaceSchemaLocation="https://maven.apache.org/surefire/maven-surefire-plugin/xsd/surefire-test-report-3.0.xsd" version="3.0" name="com.tienda.TiendaApplicationTests" time="8.565" tests="1" errors="0" skipped="0" failures="0">
  <properties>
[...]
</properties>
  <testcase name="contextLoads" classname="com.tienda.TiendaApplicationTests" time="0.648">
    <system-out><![CDATA[19:18:51.010 [main] INFO org.springframework.test.context.support.AnnotationConfigContextLoaderUtils -- Could not detect default configuration classes for test class [com.tienda.TiendaApplicationTests]: TiendaApplicationTests does not declare any static, non-private, non-final, nested classes annotated with @Configuration.
19:18:51.151 [main] INFO org.springframework.boot.test.context.SpringBootTestContextBootstrapper -- Found @SpringBootConfiguration com.tienda.TiendaApplication for test class com.tienda.TiendaApplicationTests
19:18:51.385 [main] INFO org.springframework.boot.devtools.restart.RestartApplicationListener -- Restart disabled due to context in which it is running
07:18  INFO 24388 --- [           main] com.tienda.TiendaApplicationTests        : Starting TiendaApplicationTests using Java 21.0.1 with PID 24388 (started by Daniel in C:\Users\Daniel\Documents\GitHub\Tienda\Tienda_l)
07:18  INFO 24388 --- [           main] com.tienda.TiendaApplicationTests        : No active profile set, falling back to 1 default profile: "default"
07:18  INFO 24388 --- [           main] .s.d.r.c.RepositoryConfigurationDelegate : Bootstrapping Spring Data JPA repositories in DEFAULT mode.
07:18  INFO 24388 --- [           main] .s.d.r.c.RepositoryConfigurationDelegate : Finished Spring Data repository scanning in 84 ms. Found 3 JPA repository interfaces.
07:18  INFO 24388 --- [           main] com.zaxxer.hikari.HikariDataSource       : HikariPool-1 - Starting...
07:18  INFO 24388 --- [           main] com.zaxxer.hikari.pool.HikariPool        : HikariPool-1 - Added connection com.mysql.cj.jdbc.ConnectionImpl@34edd065
07:18  INFO 24388 --- [           main] com.zaxxer.hikari.HikariDataSource       : HikariPool-1 - Start completed.
07:18  INFO 24388 --- [           main] o.hibernate.jpa.internal.util.LogHelper  : HHH000204: Processing PersistenceUnitInfo [name: default]
07:18  INFO 24388 --- [           main] org.hibernate.Version                    : HHH000412: Hibernate ORM core version 6.3.1.Final
07:18  INFO 24388 --- [           main] o.h.c.internal.RegionFactoryInitiator    : HHH000026: Second-level cache disabled
07:18  INFO 24388 --- [           main] o.s.o.j.p.SpringPersistenceUnitInfo      : No LoadTimeWeaver setup: ignoring JPA class transformer
07:18  WARN 24388 --- [           main] org.hibernate.orm.deprecation            : HHH90000025: MySQLDialect does not need to be specified explicitly using 'hibernate.dialect' (remove the property setting and it will be selected by default)
07:18  INFO 24388 --- [           main] o.h.e.t.j.p.i.JtaPlatformInitiator       : HHH000489: No JTA platform available (set 'hibernate.transaction.jta.platform' to enable JTA platform integration)
07:18  INFO 24388 --- [           main] j.LocalContainerEntityManagerFactoryBean : Initialized JPA EntityManagerFactory for persistence unit 'default'
07:18  INFO 24388 --- [           main] o.s.d.j.r.query.QueryEnhancerFactory     : Hibernate is in classpath; If applicable, HQL parser will be used.
07:18  WARN 24388 --- [           main] JpaBaseConfiguration$JpaWebConfiguration : spring.jpa.open-in-view is enabled by default. Therefore, database queries may be performed during view rendering. Explicitly configure spring.jpa.open-in-view to disable this warning
07:18  INFO 24388 --- [           main] o.s.b.a.w.s.WelcomePageHandlerMapping    : Adding welcome page template: index
07:18  INFO 24388 --- [           main] o.s.s.web.DefaultSecurityFilterChain     : Will secure any request with [org.springframework.security.web.session.DisableEncodeUrlFilter@50d02417, org.springframework.security.web.context.request.async.WebAsyncManagerIntegrationFilter@53425450, org.springframework.security.web.context.SecurityContextHolderFilter@6a4ba6f4, org.springframework.security.web.header.HeaderWriterFilter@364c4ba9, org.springframework.web.filter.CorsFilter@314e240c, org.springframework.security.web.csrf.CsrfFilter@4228a2f6, org.springframework.security.web.authentication.logout.LogoutFilter@7c5c53e5, org.springframework.security.web.authentication.UsernamePasswordAuthenticationFilter@1e4f8430, org.springframework.security.web.savedrequest.RequestCacheAwareFilter@589dac96, org.springframework.security.web.servletapi.SecurityContextHolderAwareRequestFilter@792bf78a, org.springframework.security.web.authentication.AnonymousAuthenticationFilter@7222e168, org.springframework.security.web.access.ExceptionTranslationFilter@36cbe0fe, org.springframework.security.web.access.intercept.AuthorizationFilter@45c8db36]
07:18  INFO 24388 --- [           main] com.tienda.TiendaApplicationTests        : Started TiendaApplicationTests in 7.311 seconds (process running for 8.647)
]]></system-out>
    <system-err><![CDATA[WARNING: A Java agent has been loaded dynamically (C:\Users\Daniel\.m2\repository\net\bytebuddy\byte-buddy-agent\1.14.10\byte-buddy-agent-1.14.10.jar)
WARNING: If a serviceability tool is in use, please run with -XX:+EnableDynamicAgentLoading to hide this warning
WARNING: If a serviceability tool is not in use, please run with -Djdk.instrument.traceUsage for more information
WARNING: Dynamic loading of agents will be disallowed by default in a future release
]]></system-err>
  </testcase>
</testsuite>